#
# There is insufficient memory for the Java Runtime Environment to continue.
# Native memory allocation (malloc) failed to allocate 32744 bytes for ChunkPool::allocate
# Possible reasons:
#   The system is out of physical RAM or swap space
#   The process is running with CompressedOops enabled, and the Java Heap may be blocking the growth of the native heap
# Possible solutions:
#   Reduce memory load on the system
#   Increase physical memory or swap space
#   Check if swap backing store is full
#   Decrease Java heap size (-Xmx/-Xms)
#   Decrease number of Java threads
#   Decrease Java thread stack sizes (-Xss)
#   Set larger code cache with -XX:ReservedCodeCacheSize=
#   JVM is running with Unscaled Compressed Oops mode in which the Java heap is
#     placed in the first 4GB address space. The Java Heap base address is the
#     maximum limit for the native heap growth. Please use -XX:HeapBaseMinAddress
#     to set the Java Heap base and to place the Java Heap above 4GB virtual address.
# This output file may be truncated or incomplete.
#
#  Out of Memory Error (./open/src/hotspot/share/memory/arena.cpp:79), pid=18616, tid=25128
#
# JRE version: Java(TM) SE Runtime Environment (15.0.2+7) (build 15.0.2+7-27)
# Java VM: Java HotSpot(TM) 64-Bit Server VM (15.0.2+7-27, mixed mode, sharing, tiered, compressed oops, g1 gc, windows-amd64)
# No core dump will be written. Minidumps are not enabled by default on client versions of Windows
#

---------------  S U M M A R Y ------------

Command Line: -Dfile.encoding=UTF-8 --module-path=D:\AppSetup\Java\Java Connect MySQL\mysql-connector-java-5.1.49\mysql-connector-java-5.1.49\mysql-connector-java-5.1.49-bin.jar -XX:+ShowCodeDetailsInExceptionMessages Form.BangChiTieu

Host: Intel(R) Core(TM) i7-8565U CPU @ 1.80GHz, 8 cores, 7G,  Windows 10 , 64 bit Build 19041 (10.0.19041.804)
Time: Sat Feb 20 15:54:48 2021 SE Asia Standard Time elapsed time: 596.387048 seconds (0d 0h 9m 56s)

---------------  T H R E A D  ---------------

Current thread (0x000001db79492270):  JavaThread "C1 CompilerThread0" daemon [_thread_in_native, id=25128, stack(0x0000009074600000,0x0000009074700000)]


Current CompileTask:
C1: 596387 1770       3       java.net.URLStreamHandler::parseURL (1201 bytes)

Stack: [0x0000009074600000,0x0000009074700000]
Native frames: (J=compiled Java code, j=interpreted, Vv=VM code, C=native code)
V  [jvm.dll+0x62ae9a]
V  [jvm.dll+0x7817a9]
V  [jvm.dll+0x782f03]
V  [jvm.dll+0x783563]
V  [jvm.dll+0x216325]
V  [jvm.dll+0x982cf]
V  [jvm.dll+0x9861c]
V  [jvm.dll+0xf68f5]
V  [jvm.dll+0x155c99]
V  [jvm.dll+0x156273]
V  [jvm.dll+0x110065]
V  [jvm.dll+0x10f91f]
V  [jvm.dll+0x10fb54]
V  [jvm.dll+0x10ee92]
V  [jvm.dll+0x110d2c]
V  [jvm.dll+0x1f9225]
V  [jvm.dll+0x1f72cc]
V  [jvm.dll+0x74495d]
V  [jvm.dll+0x73d75a]
V  [jvm.dll+0x629c56]
C  [ucrtbase.dll+0x21bb2]
C  [KERNEL32.DLL+0x17034]
C  [ntdll.dll+0x4d241]


---------------  P R O C E S S  ---------------

Threads class SMR info:
_java_thread_list=0x000001db7bc58850, length=17, elements={
0x000001db794619d0, 0x000001db794624b0, 0x000001db794762b0, 0x000001db79476b70,
0x000001db79479540, 0x000001db7947ef40, 0x000001db79492270, 0x000001db7949b340,
0x000001db7943f100, 0x000001db79f4c020, 0x000001db7a005670, 0x000001db7a005b40,
0x000001db7a1bb5b0, 0x000001db7a394790, 0x000001db7a8ac050, 0x000001db6999e8f0,
0x000001db7a805f00
}

Java Threads: ( => current thread )
  0x000001db794619d0 JavaThread "Reference Handler" daemon [_thread_blocked, id=13404, stack(0x0000009074000000,0x0000009074100000)]
  0x000001db794624b0 JavaThread "Finalizer" daemon [_thread_blocked, id=21200, stack(0x0000009074100000,0x0000009074200000)]
  0x000001db794762b0 JavaThread "Signal Dispatcher" daemon [_thread_blocked, id=21836, stack(0x0000009074200000,0x0000009074300000)]
  0x000001db79476b70 JavaThread "Attach Listener" daemon [_thread_blocked, id=22516, stack(0x0000009074300000,0x0000009074400000)]
  0x000001db79479540 JavaThread "Service Thread" daemon [_thread_blocked, id=5536, stack(0x0000009074400000,0x0000009074500000)]
  0x000001db7947ef40 JavaThread "C2 CompilerThread0" daemon [_thread_blocked, id=21008, stack(0x0000009074500000,0x0000009074600000)]
=>0x000001db79492270 JavaThread "C1 CompilerThread0" daemon [_thread_in_native, id=25128, stack(0x0000009074600000,0x0000009074700000)]
  0x000001db7949b340 JavaThread "Sweeper thread" daemon [_thread_blocked, id=24644, stack(0x0000009074700000,0x0000009074800000)]
  0x000001db7943f100 JavaThread "Common-Cleaner" daemon [_thread_blocked, id=19684, stack(0x0000009074800000,0x0000009074900000)]
  0x000001db79f4c020 JavaThread "Notification Thread" daemon [_thread_blocked, id=25052, stack(0x0000009074a00000,0x0000009074b00000)]
  0x000001db7a005670 JavaThread "Java2D Disposer" daemon [_thread_blocked, id=18716, stack(0x0000009074c00000,0x0000009074d00000)]
  0x000001db7a005b40 JavaThread "AWT-Shutdown" [_thread_blocked, id=22016, stack(0x0000009074d00000,0x0000009074e00000)]
  0x000001db7a1bb5b0 JavaThread "AWT-Windows" daemon [_thread_in_native, id=14640, stack(0x0000009074e00000,0x0000009074f00000)]
  0x000001db7a394790 JavaThread "mysql-cj-abandoned-connection-cleanup" daemon [_thread_blocked, id=24820, stack(0x0000009074f00000,0x0000009075000000)]
  0x000001db7a8ac050 JavaThread "AWT-EventQueue-0" [_thread_blocked, id=24136, stack(0x0000009074900000,0x0000009074a00000)]
  0x000001db6999e8f0 JavaThread "DestroyJavaVM" [_thread_blocked, id=25020, stack(0x0000009073900000,0x0000009073a00000)]
  0x000001db7a805f00 JavaThread "TimerQueue" daemon [_thread_blocked, id=22244, stack(0x0000009075000000,0x0000009075100000)]

Other Threads:
  0x000001db7945d220 VMThread "VM Thread" [stack: 0x0000009073f00000,0x0000009074000000] [id=20136]
  0x000001db79ef6420 WatcherThread [stack: 0x0000009074b00000,0x0000009074c00000] [id=18444]
  0x000001db699dd920 GCTaskThread "GC Thread#0" [stack: 0x0000009073a00000,0x0000009073b00000] [id=19492]
  0x000001db699f05e0 ConcurrentGCThread "G1 Main Marker" [stack: 0x0000009073b00000,0x0000009073c00000] [id=21624]
  0x000001db699f1880 ConcurrentGCThread "G1 Conc#0" [stack: 0x0000009073c00000,0x0000009073d00000] [id=9448]
  0x000001db69a7b4f0 ConcurrentGCThread "G1 Refine#0" [stack: 0x0000009073d00000,0x0000009073e00000] [id=20244]
  0x000001db69a7c000 ConcurrentGCThread "G1 Young RemSet Sampling" [stack: 0x0000009073e00000,0x0000009073f00000] [id=8888]

Threads with active compile tasks:
C1 CompilerThread0   596423 1770       3       java.net.URLStreamHandler::parseURL (1201 bytes)

VM state: not at safepoint (normal execution)

VM Mutex/Monitor currently owned by a thread: None

Heap address: 0x0000000081e00000, size: 2018 MB, Compressed Oops mode: 32-bit
CDS archive(s) mapped at: [0x0000000800000000-0x0000000800b50000-0x0000000800b50000), size 11862016, SharedBaseAddress: 0x0000000800000000, ArchiveRelocationMode: 0.
Compressed class space mapped at: 0x0000000800b50000-0x0000000840b50000, size: 1073741824
Narrow klass base: 0x0000000800000000, Narrow klass shift: 3, Narrow klass range: 0x100000000

GC Precious Log:
 CPUs: 8 total, 8 available
 Memory: 8071M
 Large Page Support: Disabled
 NUMA Support: Disabled
 Compressed Oops: Enabled (32-bit)
 Heap Region Size: 1M
 Heap Min Capacity: 8M
 Heap Initial Capacity: 128M
 Heap Max Capacity: 2018M
 Pre-touch: Disabled
 Parallel Workers: 8
 Concurrent Workers: 2
 Concurrent Refinement Workers: 8
 Periodic GC: Disabled

Heap:
 garbage-first heap   total 131072K, used 20480K [0x0000000081e00000, 0x0000000100000000)
  region size 1024K, 17 young (17408K), 0 survivors (0K)
 Metaspace       used 14013K, capacity 14271K, committed 14464K, reserved 1062912K
  class space    used 1520K, capacity 1616K, committed 1664K, reserved 1048576K

Heap Regions: E=young(eden), S=young(survivor), O=old, HS=humongous(starts), HC=humongous(continues), CS=collection set, F=free, OA=open archive, CA=closed archive, TAMS=top-at-mark-start (previous, next)
|   0|0x0000000081e00000, 0x0000000081f00000, 0x0000000081f00000|100%|HS|  |TAMS 0x0000000081e00000, 0x0000000081e00000| Complete 
|   1|0x0000000081f00000, 0x0000000082000000, 0x0000000082000000|100%|HC|  |TAMS 0x0000000081f00000, 0x0000000081f00000| Complete 
|   2|0x0000000082000000, 0x0000000082100000, 0x0000000082100000|100%|HS|  |TAMS 0x0000000082000000, 0x0000000082000000| Complete 
|   3|0x0000000082100000, 0x0000000082200000, 0x0000000082200000|100%|HC|  |TAMS 0x0000000082100000, 0x0000000082100000| Complete 
|   4|0x0000000082200000, 0x0000000082200000, 0x0000000082300000|  0%| F|  |TAMS 0x0000000082200000, 0x0000000082200000| Untracked 
|   5|0x0000000082300000, 0x0000000082300000, 0x0000000082400000|  0%| F|  |TAMS 0x0000000082300000, 0x0000000082300000| Untracked 
|   6|0x0000000082400000, 0x0000000082400000, 0x0000000082500000|  0%| F|  |TAMS 0x0000000082400000, 0x0000000082400000| Untracked 
|   7|0x0000000082500000, 0x0000000082500000, 0x0000000082600000|  0%| F|  |TAMS 0x0000000082500000, 0x0000000082500000| Untracked 
|   8|0x0000000082600000, 0x0000000082600000, 0x0000000082700000|  0%| F|  |TAMS 0x0000000082600000, 0x0000000082600000| Untracked 
|   9|0x0000000082700000, 0x0000000082700000, 0x0000000082800000|  0%| F|  |TAMS 0x0000000082700000, 0x0000000082700000| Untracked 
|  10|0x0000000082800000, 0x0000000082800000, 0x0000000082900000|  0%| F|  |TAMS 0x0000000082800000, 0x0000000082800000| Untracked 
|  11|0x0000000082900000, 0x0000000082900000, 0x0000000082a00000|  0%| F|  |TAMS 0x0000000082900000, 0x0000000082900000| Untracked 
|  12|0x0000000082a00000, 0x0000000082a00000, 0x0000000082b00000|  0%| F|  |TAMS 0x0000000082a00000, 0x0000000082a00000| Untracked 
|  13|0x0000000082b00000, 0x0000000082b00000, 0x0000000082c00000|  0%| F|  |TAMS 0x0000000082b00000, 0x0000000082b00000| Untracked 
|  14|0x0000000082c00000, 0x0000000082c00000, 0x0000000082d00000|  0%| F|  |TAMS 0x0000000082c00000, 0x0000000082c00000| Untracked 
|  15|0x0000000082d00000, 0x0000000082d00000, 0x0000000082e00000|  0%| F|  |TAMS 0x0000000082d00000, 0x0000000082d00000| Untracked 
|  16|0x0000000082e00000, 0x0000000082e00000, 0x0000000082f00000|  0%| F|  |TAMS 0x0000000082e00000, 0x0000000082e00000| Untracked 
|  17|0x0000000082f00000, 0x0000000082f00000, 0x0000000083000000|  0%| F|  |TAMS 0x0000000082f00000, 0x0000000082f00000| Untracked 
|  18|0x0000000083000000, 0x0000000083000000, 0x0000000083100000|  0%| F|  |TAMS 0x0000000083000000, 0x0000000083000000| Untracked 
|  19|0x0000000083100000, 0x0000000083100000, 0x0000000083200000|  0%| F|  |TAMS 0x0000000083100000, 0x0000000083100000| Untracked 
|  20|0x0000000083200000, 0x0000000083200000, 0x0000000083300000|  0%| F|  |TAMS 0x0000000083200000, 0x0000000083200000| Untracked 
|  21|0x0000000083300000, 0x0000000083300000, 0x0000000083400000|  0%| F|  |TAMS 0x0000000083300000, 0x0000000083300000| Untracked 
|  22|0x0000000083400000, 0x0000000083400000, 0x0000000083500000|  0%| F|  |TAMS 0x0000000083400000, 0x0000000083400000| Untracked 
|  23|0x0000000083500000, 0x0000000083500000, 0x0000000083600000|  0%| F|  |TAMS 0x0000000083500000, 0x0000000083500000| Untracked 
|  24|0x0000000083600000, 0x0000000083600000, 0x0000000083700000|  0%| F|  |TAMS 0x0000000083600000, 0x0000000083600000| Untracked 
|  25|0x0000000083700000, 0x0000000083700000, 0x0000000083800000|  0%| F|  |TAMS 0x0000000083700000, 0x0000000083700000| Untracked 
|  26|0x0000000083800000, 0x0000000083800000, 0x0000000083900000|  0%| F|  |TAMS 0x0000000083800000, 0x0000000083800000| Untracked 
|  27|0x0000000083900000, 0x0000000083900000, 0x0000000083a00000|  0%| F|  |TAMS 0x0000000083900000, 0x0000000083900000| Untracked 
|  28|0x0000000083a00000, 0x0000000083a00000, 0x0000000083b00000|  0%| F|  |TAMS 0x0000000083a00000, 0x0000000083a00000| Untracked 
|  29|0x0000000083b00000, 0x0000000083b00000, 0x0000000083c00000|  0%| F|  |TAMS 0x0000000083b00000, 0x0000000083b00000| Untracked 
|  30|0x0000000083c00000, 0x0000000083c00000, 0x0000000083d00000|  0%| F|  |TAMS 0x0000000083c00000, 0x0000000083c00000| Untracked 
|  31|0x0000000083d00000, 0x0000000083d00000, 0x0000000083e00000|  0%| F|  |TAMS 0x0000000083d00000, 0x0000000083d00000| Untracked 
|  32|0x0000000083e00000, 0x0000000083e00000, 0x0000000083f00000|  0%| F|  |TAMS 0x0000000083e00000, 0x0000000083e00000| Untracked 
|  33|0x0000000083f00000, 0x0000000083f00000, 0x0000000084000000|  0%| F|  |TAMS 0x0000000083f00000, 0x0000000083f00000| Untracked 
|  34|0x0000000084000000, 0x0000000084000000, 0x0000000084100000|  0%| F|  |TAMS 0x0000000084000000, 0x0000000084000000| Untracked 
|  35|0x0000000084100000, 0x0000000084100000, 0x0000000084200000|  0%| F|  |TAMS 0x0000000084100000, 0x0000000084100000| Untracked 
|  36|0x0000000084200000, 0x0000000084200000, 0x0000000084300000|  0%| F|  |TAMS 0x0000000084200000, 0x0000000084200000| Untracked 
|  37|0x0000000084300000, 0x0000000084300000, 0x0000000084400000|  0%| F|  |TAMS 0x0000000084300000, 0x0000000084300000| Untracked 
|  38|0x0000000084400000, 0x0000000084400000, 0x0000000084500000|  0%| F|  |TAMS 0x0000000084400000, 0x0000000084400000| Untracked 
|  39|0x0000000084500000, 0x0000000084500000, 0x0000000084600000|  0%| F|  |TAMS 0x0000000084500000, 0x0000000084500000| Untracked 
|  40|0x0000000084600000, 0x0000000084600000, 0x0000000084700000|  0%| F|  |TAMS 0x0000000084600000, 0x0000000084600000| Untracked 
|  41|0x0000000084700000, 0x0000000084700000, 0x0000000084800000|  0%| F|  |TAMS 0x0000000084700000, 0x0000000084700000| Untracked 
|  42|0x0000000084800000, 0x0000000084800000, 0x0000000084900000|  0%| F|  |TAMS 0x0000000084800000, 0x0000000084800000| Untracked 
|  43|0x0000000084900000, 0x0000000084900000, 0x0000000084a00000|  0%| F|  |TAMS 0x0000000084900000, 0x0000000084900000| Untracked 
|  44|0x0000000084a00000, 0x0000000084a00000, 0x0000000084b00000|  0%| F|  |TAMS 0x0000000084a00000, 0x0000000084a00000| Untracked 
|  45|0x0000000084b00000, 0x0000000084b00000, 0x0000000084c00000|  0%| F|  |TAMS 0x0000000084b00000, 0x0000000084b00000| Untracked 
|  46|0x0000000084c00000, 0x0000000084c00000, 0x0000000084d00000|  0%| F|  |TAMS 0x0000000084c00000, 0x0000000084c00000| Untracked 
|  47|0x0000000084d00000, 0x0000000084d00000, 0x0000000084e00000|  0%| F|  |TAMS 0x0000000084d00000, 0x0000000084d00000| Untracked 
|  48|0x0000000084e00000, 0x0000000084e00000, 0x0000000084f00000|  0%| F|  |TAMS 0x0000000084e00000, 0x0000000084e00000| Untracked 
|  49|0x0000000084f00000, 0x0000000084f00000, 0x0000000085000000|  0%| F|  |TAMS 0x0000000084f00000, 0x0000000084f00000| Untracked 
|  50|0x0000000085000000, 0x0000000085000000, 0x0000000085100000|  0%| F|  |TAMS 0x0000000085000000, 0x0000000085000000| Untracked 
|  51|0x0000000085100000, 0x0000000085100000, 0x0000000085200000|  0%| F|  |TAMS 0x0000000085100000, 0x0000000085100000| Untracked 
|  52|0x0000000085200000, 0x0000000085200000, 0x0000000085300000|  0%| F|  |TAMS 0x0000000085200000, 0x0000000085200000| Untracked 
|  53|0x0000000085300000, 0x0000000085300000, 0x0000000085400000|  0%| F|  |TAMS 0x0000000085300000, 0x0000000085300000| Untracked 
|  54|0x0000000085400000, 0x0000000085400000, 0x0000000085500000|  0%| F|  |TAMS 0x0000000085400000, 0x0000000085400000| Untracked 
|  55|0x0000000085500000, 0x0000000085500000, 0x0000000085600000|  0%| F|  |TAMS 0x0000000085500000, 0x0000000085500000| Untracked 
|  56|0x0000000085600000, 0x0000000085600000, 0x0000000085700000|  0%| F|  |TAMS 0x0000000085600000, 0x0000000085600000| Untracked 
|  57|0x0000000085700000, 0x0000000085700000, 0x0000000085800000|  0%| F|  |TAMS 0x0000000085700000, 0x0000000085700000| Untracked 
|  58|0x0000000085800000, 0x0000000085800000, 0x0000000085900000|  0%| F|  |TAMS 0x0000000085800000, 0x0000000085800000| Untracked 
|  59|0x0000000085900000, 0x0000000085900000, 0x0000000085a00000|  0%| F|  |TAMS 0x0000000085900000, 0x0000000085900000| Untracked 
|  60|0x0000000085a00000, 0x0000000085a00000, 0x0000000085b00000|  0%| F|  |TAMS 0x0000000085a00000, 0x0000000085a00000| Untracked 
|  61|0x0000000085b00000, 0x0000000085b00000, 0x0000000085c00000|  0%| F|  |TAMS 0x0000000085b00000, 0x0000000085b00000| Untracked 
|  62|0x0000000085c00000, 0x0000000085c00000, 0x0000000085d00000|  0%| F|  |TAMS 0x0000000085c00000, 0x0000000085c00000| Untracked 
|  63|0x0000000085d00000, 0x0000000085d00000, 0x0000000085e00000|  0%| F|  |TAMS 0x0000000085d00000, 0x0000000085d00000| Untracked 
|  64|0x0000000085e00000, 0x0000000085e00000, 0x0000000085f00000|  0%| F|  |TAMS 0x0000000085e00000, 0x0000000085e00000| Untracked 
|  65|0x0000000085f00000, 0x0000000085f00000, 0x0000000086000000|  0%| F|  |TAMS 0x0000000085f00000, 0x0000000085f00000| Untracked 
|  66|0x0000000086000000, 0x0000000086000000, 0x0000000086100000|  0%| F|  |TAMS 0x0000000086000000, 0x0000000086000000| Untracked 
|  67|0x0000000086100000, 0x0000000086100000, 0x0000000086200000|  0%| F|  |TAMS 0x0000000086100000, 0x0000000086100000| Untracked 
|  68|0x0000000086200000, 0x0000000086200000, 0x0000000086300000|  0%| F|  |TAMS 0x0000000086200000, 0x0000000086200000| Untracked 
|  69|0x0000000086300000, 0x0000000086300000, 0x0000000086400000|  0%| F|  |TAMS 0x0000000086300000, 0x0000000086300000| Untracked 
|  70|0x0000000086400000, 0x0000000086400000, 0x0000000086500000|  0%| F|  |TAMS 0x0000000086400000, 0x0000000086400000| Untracked 
|  71|0x0000000086500000, 0x0000000086500000, 0x0000000086600000|  0%| F|  |TAMS 0x0000000086500000, 0x0000000086500000| Untracked 
|  72|0x0000000086600000, 0x0000000086600000, 0x0000000086700000|  0%| F|  |TAMS 0x0000000086600000, 0x0000000086600000| Untracked 
|  73|0x0000000086700000, 0x0000000086700000, 0x0000000086800000|  0%| F|  |TAMS 0x0000000086700000, 0x0000000086700000| Untracked 
|  74|0x0000000086800000, 0x0000000086800000, 0x0000000086900000|  0%| F|  |TAMS 0x0000000086800000, 0x0000000086800000| Untracked 
|  75|0x0000000086900000, 0x0000000086900000, 0x0000000086a00000|  0%| F|  |TAMS 0x0000000086900000, 0x0000000086900000| Untracked 
|  76|0x0000000086a00000, 0x0000000086a00000, 0x0000000086b00000|  0%| F|  |TAMS 0x0000000086a00000, 0x0000000086a00000| Untracked 
|  77|0x0000000086b00000, 0x0000000086b00000, 0x0000000086c00000|  0%| F|  |TAMS 0x0000000086b00000, 0x0000000086b00000| Untracked 
|  78|0x0000000086c00000, 0x0000000086c00000, 0x0000000086d00000|  0%| F|  |TAMS 0x0000000086c00000, 0x0000000086c00000| Untracked 
|  79|0x0000000086d00000, 0x0000000086d00000, 0x0000000086e00000|  0%| F|  |TAMS 0x0000000086d00000, 0x0000000086d00000| Untracked 
|  80|0x0000000086e00000, 0x0000000086e00000, 0x0000000086f00000|  0%| F|  |TAMS 0x0000000086e00000, 0x0000000086e00000| Untracked 
|  81|0x0000000086f00000, 0x0000000086f00000, 0x0000000087000000|  0%| F|  |TAMS 0x0000000086f00000, 0x0000000086f00000| Untracked 
|  82|0x0000000087000000, 0x0000000087000000, 0x0000000087100000|  0%| F|  |TAMS 0x0000000087000000, 0x0000000087000000| Untracked 
|  83|0x0000000087100000, 0x0000000087100000, 0x0000000087200000|  0%| F|  |TAMS 0x0000000087100000, 0x0000000087100000| Untracked 
|  84|0x0000000087200000, 0x0000000087200000, 0x0000000087300000|  0%| F|  |TAMS 0x0000000087200000, 0x0000000087200000| Untracked 
|  85|0x0000000087300000, 0x0000000087300000, 0x0000000087400000|  0%| F|  |TAMS 0x0000000087300000, 0x0000000087300000| Untracked 
|  86|0x0000000087400000, 0x0000000087400000, 0x0000000087500000|  0%| F|  |TAMS 0x0000000087400000, 0x0000000087400000| Untracked 
|  87|0x0000000087500000, 0x0000000087500000, 0x0000000087600000|  0%| F|  |TAMS 0x0000000087500000, 0x0000000087500000| Untracked 
|  88|0x0000000087600000, 0x0000000087600000, 0x0000000087700000|  0%| F|  |TAMS 0x0000000087600000, 0x0000000087600000| Untracked 
|  89|0x0000000087700000, 0x0000000087700000, 0x0000000087800000|  0%| F|  |TAMS 0x0000000087700000, 0x0000000087700000| Untracked 
|  90|0x0000000087800000, 0x0000000087800000, 0x0000000087900000|  0%| F|  |TAMS 0x0000000087800000, 0x0000000087800000| Untracked 
|  91|0x0000000087900000, 0x0000000087900000, 0x0000000087a00000|  0%| F|  |TAMS 0x0000000087900000, 0x0000000087900000| Untracked 
|  92|0x0000000087a00000, 0x0000000087a00000, 0x0000000087b00000|  0%| F|  |TAMS 0x0000000087a00000, 0x0000000087a00000| Untracked 
|  93|0x0000000087b00000, 0x0000000087b00000, 0x0000000087c00000|  0%| F|  |TAMS 0x0000000087b00000, 0x0000000087b00000| Untracked 
|  94|0x0000000087c00000, 0x0000000087c00000, 0x0000000087d00000|  0%| F|  |TAMS 0x0000000087c00000, 0x0000000087c00000| Untracked 
|  95|0x0000000087d00000, 0x0000000087d00000, 0x0000000087e00000|  0%| F|  |TAMS 0x0000000087d00000, 0x0000000087d00000| Untracked 
|  96|0x0000000087e00000, 0x0000000087e00000, 0x0000000087f00000|  0%| F|  |TAMS 0x0000000087e00000, 0x0000000087e00000| Untracked 
|  97|0x0000000087f00000, 0x0000000087f00000, 0x0000000088000000|  0%| F|  |TAMS 0x0000000087f00000, 0x0000000087f00000| Untracked 
|  98|0x0000000088000000, 0x0000000088000000, 0x0000000088100000|  0%| F|  |TAMS 0x0000000088000000, 0x0000000088000000| Untracked 
|  99|0x0000000088100000, 0x0000000088100000, 0x0000000088200000|  0%| F|  |TAMS 0x0000000088100000, 0x0000000088100000| Untracked 
| 100|0x0000000088200000, 0x0000000088200000, 0x0000000088300000|  0%| F|  |TAMS 0x0000000088200000, 0x0000000088200000| Untracked 
| 101|0x0000000088300000, 0x0000000088300000, 0x0000000088400000|  0%| F|  |TAMS 0x0000000088300000, 0x0000000088300000| Untracked 
| 102|0x0000000088400000, 0x0000000088400000, 0x0000000088500000|  0%| F|  |TAMS 0x0000000088400000, 0x0000000088400000| Untracked 
| 103|0x0000000088500000, 0x0000000088500000, 0x0000000088600000|  0%| F|  |TAMS 0x0000000088500000, 0x0000000088500000| Untracked 
| 104|0x0000000088600000, 0x0000000088600000, 0x0000000088700000|  0%| F|  |TAMS 0x0000000088600000, 0x0000000088600000| Untracked 
| 105|0x0000000088700000, 0x0000000088700000, 0x0000000088800000|  0%| F|  |TAMS 0x0000000088700000, 0x0000000088700000| Untracked 
| 106|0x0000000088800000, 0x0000000088800000, 0x0000000088900000|  0%| F|  |TAMS 0x0000000088800000, 0x0000000088800000| Untracked 
| 107|0x0000000088900000, 0x0000000088900000, 0x0000000088a00000|  0%| F|  |TAMS 0x0000000088900000, 0x0000000088900000| Untracked 
| 108|0x0000000088a00000, 0x0000000088a00000, 0x0000000088b00000|  0%| F|  |TAMS 0x0000000088a00000, 0x0000000088a00000| Untracked 
| 109|0x0000000088b00000, 0x0000000088b00000, 0x0000000088c00000|  0%| F|  |TAMS 0x0000000088b00000, 0x0000000088b00000| Untracked 
| 110|0x0000000088c00000, 0x0000000088c00000, 0x0000000088d00000|  0%| F|  |TAMS 0x0000000088c00000, 0x0000000088c00000| Untracked 
| 111|0x0000000088d00000, 0x0000000088dec128, 0x0000000088e00000| 92%| E|  |TAMS 0x0000000088d00000, 0x0000000088d00000| Complete 
| 112|0x0000000088e00000, 0x0000000088f00000, 0x0000000088f00000|100%| E|CS|TAMS 0x0000000088e00000, 0x0000000088e00000| Complete 
| 113|0x0000000088f00000, 0x0000000089000000, 0x0000000089000000|100%| E|CS|TAMS 0x0000000088f00000, 0x0000000088f00000| Complete 
| 114|0x0000000089000000, 0x0000000089100000, 0x0000000089100000|100%| E|CS|TAMS 0x0000000089000000, 0x0000000089000000| Complete 
| 115|0x0000000089100000, 0x0000000089200000, 0x0000000089200000|100%| E|CS|TAMS 0x0000000089100000, 0x0000000089100000| Complete 
| 116|0x0000000089200000, 0x0000000089300000, 0x0000000089300000|100%| E|CS|TAMS 0x0000000089200000, 0x0000000089200000| Complete 
| 117|0x0000000089300000, 0x0000000089400000, 0x0000000089400000|100%| E|CS|TAMS 0x0000000089300000, 0x0000000089300000| Complete 
| 118|0x0000000089400000, 0x0000000089500000, 0x0000000089500000|100%| E|CS|TAMS 0x0000000089400000, 0x0000000089400000| Complete 
| 119|0x0000000089500000, 0x0000000089600000, 0x0000000089600000|100%| E|CS|TAMS 0x0000000089500000, 0x0000000089500000| Complete 
| 120|0x0000000089600000, 0x0000000089700000, 0x0000000089700000|100%| E|CS|TAMS 0x0000000089600000, 0x0000000089600000| Complete 
| 121|0x0000000089700000, 0x0000000089800000, 0x0000000089800000|100%| E|CS|TAMS 0x0000000089700000, 0x0000000089700000| Complete 
| 122|0x0000000089800000, 0x0000000089900000, 0x0000000089900000|100%| E|CS|TAMS 0x0000000089800000, 0x0000000089800000| Complete 
| 123|0x0000000089900000, 0x0000000089a00000, 0x0000000089a00000|100%| E|CS|TAMS 0x0000000089900000, 0x0000000089900000| Complete 
| 124|0x0000000089a00000, 0x0000000089b00000, 0x0000000089b00000|100%| E|CS|TAMS 0x0000000089a00000, 0x0000000089a00000| Complete 
| 125|0x0000000089b00000, 0x0000000089c00000, 0x0000000089c00000|100%| E|CS|TAMS 0x0000000089b00000, 0x0000000089b00000| Complete 
| 126|0x0000000089c00000, 0x0000000089d00000, 0x0000000089d00000|100%| E|CS|TAMS 0x0000000089c00000, 0x0000000089c00000| Complete 
| 127|0x0000000089d00000, 0x0000000089e00000, 0x0000000089e00000|100%| E|CS|TAMS 0x0000000089d00000, 0x0000000089d00000| Complete 

Card table byte_map: [0x000001db72320000,0x000001db72720000] _byte_map_base: 0x000001db71f11000

Marking Bits (Prev, Next): (CMBitMap*) 0x000001db699e0040, (CMBitMap*) 0x000001db699e0080
 Prev Bits: [0x000001db72b20000, 0x000001db74aa8000)
 Next Bits: [0x000001db74ab0000, 0x000001db76a38000)

Polling page: 0x000001db67900000

Metaspace:

Usage:
  Non-class:     12.36 MB capacity,    12.20 MB ( 99%) used,   144.62 KB (  1%) free+waste,    17.31 KB ( <1%) overhead. 
      Class:      1.58 MB capacity,     1.49 MB ( 94%) used,    88.55 KB (  5%) free+waste,     6.75 KB ( <1%) overhead. 
       Both:     13.94 MB capacity,    13.69 MB ( 98%) used,   233.16 KB (  2%) free+waste,    24.06 KB ( <1%) overhead. 

Virtual space:
  Non-class space:       14.00 MB reserved,      12.50 MB ( 89%) committed 
      Class space:        1.00 GB reserved,       1.62 MB ( <1%) committed 
             Both:        1.01 GB reserved,      14.12 MB (  1%) committed 

Chunk freelists:
   Non-Class:  17.00 KB
       Class:  16.00 KB
        Both:  33.00 KB

MaxMetaspaceSize: 17179869184.00 GB
CompressedClassSpaceSize: 1.00 GB

CodeHeap 'non-profiled nmethods': size=120000Kb used=542Kb max_used=542Kb free=119457Kb
 bounds [0x000001db07ad0000, 0x000001db07d40000, 0x000001db0f000000]
CodeHeap 'profiled nmethods': size=120000Kb used=3061Kb max_used=3061Kb free=116938Kb
 bounds [0x000001db005a0000, 0x000001db008a0000, 0x000001db07ad0000]
CodeHeap 'non-nmethods': size=5760Kb used=1340Kb max_used=1360Kb free=4419Kb
 bounds [0x000001db00000000, 0x000001db00270000, 0x000001db005a0000]
 total_blobs=2416 nmethods=1768 adapters=560
 compilation: enabled
              stopped_count=0, restarted_count=0
 full_count=0

Compilation events (20 events):
Event: 446.125 Thread 0x000001db79492270 nmethod 1760 0x000001db0088fd90 code [0x000001db0088ffc0, 0x000001db00890768]
Event: 556.282 Thread 0x000001db79492270 1761       3       java.io.WinNTFileSystem::isLetter (30 bytes)
Event: 556.283 Thread 0x000001db79492270 nmethod 1761 0x000001db00890a10 code [0x000001db00890ba0, 0x000001db00890db8]
Event: 571.312 Thread 0x000001db79492270 1762       3       java.io.WinNTFileSystem::prefixLength (91 bytes)
Event: 571.315 Thread 0x000001db79492270 nmethod 1762 0x000001db00890e90 code [0x000001db008911a0, 0x000001db00892498]
Event: 576.316 Thread 0x000001db79492270 1763       3       java.io.File::isInvalid (48 bytes)
Event: 576.316 Thread 0x000001db79492270 nmethod 1763 0x000001db00892b10 code [0x000001db00892d00, 0x000001db008931f8]
Event: 581.322 Thread 0x000001db79492270 1764       3       java.net.URL::isBuiltinStreamHandler (32 bytes)
Event: 581.324 Thread 0x000001db79492270 nmethod 1764 0x000001db00893390 code [0x000001db00893680, 0x000001db008946f8]
Event: 581.324 Thread 0x000001db79492270 1765       3       java.net.URL::isBuiltinStreamHandler (8 bytes)
Event: 581.324 Thread 0x000001db79492270 nmethod 1765 0x000001db00894c90 code [0x000001db00894e40, 0x000001db00895008]
Event: 586.332 Thread 0x000001db79492270 1766       3       java.lang.ref.ReferenceQueue::reallyPoll (65 bytes)
Event: 586.333 Thread 0x000001db79492270 nmethod 1766 0x000001db00895110 code [0x000001db008952e0, 0x000001db008957f8]
Event: 591.346 Thread 0x000001db79492270 1767   !   3       java.net.URL::<init> (543 bytes)
Event: 591.357 Thread 0x000001db79492270 nmethod 1767 0x000001db00895910 code [0x000001db00895fa0, 0x000001db008999a8]
Event: 591.357 Thread 0x000001db79492270 1768       3       java.net.URLStreamHandler::setURL (73 bytes)
Event: 591.359 Thread 0x000001db79492270 nmethod 1768 0x000001db0089ba90 code [0x000001db0089bd60, 0x000001db0089cbd8]
Event: 596.358 Thread 0x000001db79492270 1769       3       sun.net.www.protocol.file.Handler::parseURL (18 bytes)
Event: 596.358 Thread 0x000001db79492270 nmethod 1769 0x000001db0089d110 code [0x000001db0089d2c0, 0x000001db0089d458]
Event: 596.358 Thread 0x000001db79492270 1770       3       java.net.URLStreamHandler::parseURL (1201 bytes)

GC Heap History (0 events):
No events

Deoptimization events (20 events):
Event: 0.898 Thread 0x000001db6999e8f0 DEOPT PACKING pc=0x000001db07b04ba0 sp=0x00000090739fcc60
Event: 0.898 Thread 0x000001db6999e8f0 DEOPT UNPACKING pc=0x000001db0004e42f sp=0x00000090739fcbe0 mode 2
Event: 3.001 Thread 0x000001db7a8ac050 Uncommon trap: trap_request=0xffffffde fr.pc=0x000001db07b0f384 relative=0x0000000000000184
Event: 3.001 Thread 0x000001db7a8ac050 Uncommon trap: reason=class_check action=maybe_recompile pc=0x000001db07b0f384 method=java.lang.String.equals(Ljava/lang/Object;)Z @ 8 c2
Event: 3.001 Thread 0x000001db7a8ac050 DEOPT PACKING pc=0x000001db07b0f384 sp=0x00000090749fdbf0
Event: 3.001 Thread 0x000001db7a8ac050 DEOPT UNPACKING pc=0x000001db0004e42f sp=0x00000090749fdb88 mode 2
Event: 3.002 Thread 0x000001db7a8ac050 Uncommon trap: trap_request=0xffffffde fr.pc=0x000001db07b0f384 relative=0x0000000000000184
Event: 3.002 Thread 0x000001db7a8ac050 Uncommon trap: reason=class_check action=maybe_recompile pc=0x000001db07b0f384 method=java.lang.String.equals(Ljava/lang/Object;)Z @ 8 c2
Event: 3.002 Thread 0x000001db7a8ac050 DEOPT PACKING pc=0x000001db07b0f384 sp=0x00000090749fdbf0
Event: 3.002 Thread 0x000001db7a8ac050 DEOPT UNPACKING pc=0x000001db0004e42f sp=0x00000090749fdb88 mode 2
Event: 3.002 Thread 0x000001db7a8ac050 Uncommon trap: trap_request=0xffffffde fr.pc=0x000001db07b0f384 relative=0x0000000000000184
Event: 3.002 Thread 0x000001db7a8ac050 Uncommon trap: reason=class_check action=maybe_recompile pc=0x000001db07b0f384 method=java.lang.String.equals(Ljava/lang/Object;)Z @ 8 c2
Event: 3.002 Thread 0x000001db7a8ac050 DEOPT PACKING pc=0x000001db07b0f384 sp=0x00000090749fdbf0
Event: 3.002 Thread 0x000001db7a8ac050 DEOPT UNPACKING pc=0x000001db0004e42f sp=0x00000090749fdb88 mode 2
Event: 3.734 Thread 0x000001db7a8ac050 Uncommon trap: trap_request=0xffffffde fr.pc=0x000001db07b0f384 relative=0x0000000000000184
Event: 3.734 Thread 0x000001db7a8ac050 Uncommon trap: reason=class_check action=maybe_recompile pc=0x000001db07b0f384 method=java.lang.String.equals(Ljava/lang/Object;)Z @ 8 c2
Event: 3.734 Thread 0x000001db7a8ac050 DEOPT PACKING pc=0x000001db07b0f384 sp=0x00000090749fdb90
Event: 3.734 Thread 0x000001db7a8ac050 DEOPT UNPACKING pc=0x000001db0004e42f sp=0x00000090749fdb18 mode 2
Event: 3.765 Thread 0x000001db7a8ac050 DEOPT PACKING pc=0x000001db0080bffd sp=0x00000090749fc3b0
Event: 3.765 Thread 0x000001db7a8ac050 DEOPT UNPACKING pc=0x000001db0004e23f sp=0x00000090749fb880 mode 0

Classes unloaded (0 events):
No events

Classes redefined (0 events):
No events

Internal exceptions (20 events):
Event: 0.111 Thread 0x000001db6999e8f0 Exception <a 'java/lang/NoSuchMethodError'{0x0000000089c87d70}: 'void java.lang.invoke.DirectMethodHandle$Holder.invokeSpecial(java.lang.Object, java.lang.Object, java.lang.Object)'> (0x0000000089c87d70) 
thrown [./open/src/hotspot/share/interpreter/linkResolver.cpp, line 782]
Event: 0.115 Thread 0x000001db6999e8f0 Exception <a 'java/lang/NoSuchMethodError'{0x0000000089c9ff08}: 'void java.lang.invoke.DirectMethodHandle$Holder.invokeSpecial(java.lang.Object, java.lang.Object, java.lang.Object, java.lang.Object, java.lang.Object)'> (0x0000000089c9ff08) 
thrown [./open/src/hotspot/share/interpreter/linkResolver.cpp, line 782]
Event: 0.118 Thread 0x000001db6999e8f0 Exception <a 'java/lang/NoSuchMethodError'{0x0000000089cb2f50}: 'java.lang.Object java.lang.invoke.DirectMethodHandle$Holder.invokeInterface(java.lang.Object, java.lang.Object)'> (0x0000000089cb2f50) 
thrown [./open/src/hotspot/share/interpreter/linkResolver.cpp, line 782]
Event: 0.119 Thread 0x000001db6999e8f0 Exception <a 'java/lang/IncompatibleClassChangeError'{0x0000000089cb66a0}: Found class java.lang.Object, but interface was expected> (0x0000000089cb66a0) 
thrown [./open/src/hotspot/share/interpreter/linkResolver.cpp, line 848]
Event: 0.119 Thread 0x000001db6999e8f0 Exception <a 'java/lang/NoSuchMethodError'{0x0000000089cb9698}: 'void java.lang.invoke.DirectMethodHandle$Holder.invokeStatic(java.lang.Object, java.lang.Object, java.lang.Object, java.lang.Object)'> (0x0000000089cb9698) 
thrown [./open/src/hotspot/share/interpreter/linkResolver.cpp, line 782]
Event: 0.158 Thread 0x000001db6999e8f0 Exception <a 'java/lang/ClassNotFoundException'{0x0000000089b76078}: sun/awt/resources/spi/awtProvider> (0x0000000089b76078) 
thrown [./open/src/hotspot/share/classfile/systemDictionary.cpp, line 295]
Event: 0.179 Thread 0x000001db6999e8f0 Exception <a 'java/io/FileNotFoundException'{0x0000000089bcafb0}> (0x0000000089bcafb0) 
thrown [./open/src/hotspot/share/prims/jni.cpp, line 578]
Event: 0.189 Thread 0x000001db6999e8f0 Exception <a 'java/io/FileNotFoundException'{0x0000000089bf9a40}> (0x0000000089bf9a40) 
thrown [./open/src/hotspot/share/prims/jni.cpp, line 578]
Event: 0.189 Thread 0x000001db6999e8f0 Exception <a 'java/lang/NoSuchMethodError'{0x0000000089bfab38}: 'java.lang.Object java.lang.invoke.DirectMethodHandle$Holder.invokeStatic(java.lang.Object)'> (0x0000000089bfab38) 
thrown [./open/src/hotspot/share/interpreter/linkResolver.cpp, line 782]
Event: 0.228 Thread 0x000001db6999e8f0 Exception <a 'java/lang/NoSuchMethodError'{0x0000000089a4f5c0}: 'java.lang.Object java.lang.invoke.DirectMethodHandle$Holder.invokeStaticInit(java.lang.Object)'> (0x0000000089a4f5c0) 
thrown [./open/src/hotspot/share/interpreter/linkResolver.cpp, line 782]
Event: 0.273 Thread 0x000001db6999e8f0 Exception <a 'java/lang/NoSuchMethodError'{0x00000000899369a0}: 'java.lang.Object java.lang.invoke.DirectMethodHandle$Holder.newInvokeSpecial(java.lang.Object, java.lang.Object, java.lang.Object, java.lang.Object, java.lang.Object)'> (0x00000000899369a0) 
thrown [./open/src/hotspot/share/interpreter/linkResolver.cpp, line 782]
Event: 0.274 Thread 0x000001db6999e8f0 Exception <a 'java/lang/NoSuchMethodError'{0x0000000089942430}: 'java.lang.Object java.lang.invoke.DirectMethodHandle$Holder.invokeStatic(java.lang.Object, int, java.lang.Object, java.lang.Object, java.lang.Object, java.lang.Object)'> (0x0000000089942430) 
thrown [./open/src/hotspot/share/interpreter/linkResolver.cpp, line 782]
Event: 0.280 Thread 0x000001db6999e8f0 Exception <a 'java/lang/NoSuchMethodError'{0x00000000899686d8}: 'java.lang.Object java.lang.invoke.DirectMethodHandle$Holder.invokeStatic(java.lang.Object, int, java.lang.Object)'> (0x00000000899686d8) 
thrown [./open/src/hotspot/share/interpreter/linkResolver.cpp, line 782]
Event: 0.304 Thread 0x000001db6999e8f0 Exception <a 'java/lang/ClassNotFoundException'{0x0000000089820990}: com/sun/swing/internal/plaf/metal/resources/spi/metalProvider> (0x0000000089820990) 
thrown [./open/src/hotspot/share/classfile/systemDictionary.cpp, line 295]
Event: 0.305 Thread 0x000001db6999e8f0 Exception <a 'java/lang/ClassNotFoundException'{0x0000000089824c50}: com/sun/swing/internal/plaf/basic/resources/spi/basicProvider> (0x0000000089824c50) 
thrown [./open/src/hotspot/share/classfile/systemDictionary.cpp, line 295]
Event: 0.339 Thread 0x000001db6999e8f0 Implicit null exception at 0x000001db07ae1b2f to 0x000001db07ae1ba9
Event: 0.592 Thread 0x000001db6999e8f0 Exception <a 'java/lang/NoSuchMethodError'{0x000000008924c238}: 'void java.lang.invoke.DirectMethodHandle$Holder.invokeStatic(java.lang.Object, java.lang.Object)'> (0x000000008924c238) 
thrown [./open/src/hotspot/share/interpreter/linkResolver.cpp, line 782]
Event: 0.635 Thread 0x000001db6999e8f0 Exception <a 'java/lang/NoSuchMethodError'{0x000000008928af60}: 'void java.lang.invoke.DirectMethodHandle$Holder.invokeStaticInit(java.lang.Object, java.lang.Object)'> (0x000000008928af60) 
thrown [./open/src/hotspot/share/interpreter/linkResolver.cpp, line 782]
Event: 0.879 Thread 0x000001db6999e8f0 Exception <a 'java/lang/NoSuchMethodError'{0x00000000890078f0}: 'void java.lang.invoke.DirectMethodHandle$Holder.invokeStaticInit(java.lang.Object)'> (0x00000000890078f0) 
thrown [./open/src/hotspot/share/interpreter/linkResolver.cpp, line 782]
Event: 3.751 Thread 0x000001db7a8ac050 Exception <a 'java/lang/ArrayIndexOutOfBoundsException'{0x0000000088e5a288}> (0x0000000088e5a288) 
thrown [./open/src/hotspot/share/runtime/sharedRuntime.cpp, line 585]

Events (20 events):
Event: 3.049 loading class javax/swing/event/MenuDragMouseEvent
Event: 3.049 loading class javax/swing/event/MenuDragMouseEvent done
Event: 3.316 loading class javax/swing/Timer$1
Event: 3.316 loading class javax/swing/Timer$1 done
Event: 3.732 loading class javax/swing/plaf/basic/BasicMenuItemUI$Actions
Event: 3.732 loading class javax/swing/plaf/basic/BasicMenuItemUI$Actions done
Event: 3.732 loading class javax/swing/JCheckBoxMenuItem
Event: 3.732 loading class javax/swing/JCheckBoxMenuItem done
Event: 3.732 loading class javax/swing/JRadioButtonMenuItem
Event: 3.733 loading class javax/swing/JRadioButtonMenuItem done
Event: 3.734 loading class javax/swing/plaf/basic/BasicPopupMenuUI$MouseGrabber$2
Event: 3.734 loading class javax/swing/plaf/basic/BasicPopupMenuUI$MouseGrabber$2 done
Event: 3.751 loading class java/lang/Throwable$WrappedPrintStream
Event: 3.751 loading class java/lang/Throwable$WrappedPrintStream done
Event: 4.583 loading class java/awt/LightweightDispatcher$2
Event: 4.583 loading class java/awt/LightweightDispatcher$2 done
Event: 16.116 loading class java/awt/KeyboardFocusManager$2
Event: 16.116 loading class java/awt/KeyboardFocusManager$2 done
Event: 16.116 loading class sun/awt/SunToolkit$1
Event: 16.116 loading class sun/awt/SunToolkit$1 done


Dynamic libraries:
0x00007ff7faad0000 - 0x00007ff7faadf000 	C:\Program Files\Java\jdk-15.0.2\bin\javaw.exe
0x00007ffc4f3d0000 - 0x00007ffc4f5c6000 	C:\Windows\SYSTEM32\ntdll.dll
0x00007ffc4f0a0000 - 0x00007ffc4f15d000 	C:\Windows\System32\KERNEL32.DLL
0x00007ffc4cbd0000 - 0x00007ffc4ce99000 	C:\Windows\System32\KERNELBASE.dll
0x00007ffc4d050000 - 0x00007ffc4d150000 	C:\Windows\System32\ucrtbase.dll
0x00007ffc43080000 - 0x00007ffc43099000 	C:\Program Files\Java\jdk-15.0.2\bin\VCRUNTIME140.dll
0x00007ffc41b20000 - 0x00007ffc41b38000 	C:\Program Files\Java\jdk-15.0.2\bin\jli.dll
0x00007ffc4d430000 - 0x00007ffc4d4dc000 	C:\Windows\System32\ADVAPI32.dll
0x00007ffc4ee70000 - 0x00007ffc4ef0e000 	C:\Windows\System32\msvcrt.dll
0x00007ffc4d800000 - 0x00007ffc4d89c000 	C:\Windows\System32\sechost.dll
0x00007ffc4ef10000 - 0x00007ffc4f03b000 	C:\Windows\System32\RPCRT4.dll
0x00007ffc4e910000 - 0x00007ffc4eab0000 	C:\Windows\System32\USER32.dll
0x00007ffc4cba0000 - 0x00007ffc4cbc2000 	C:\Windows\System32\win32u.dll
0x00007ffc3aaf0000 - 0x00007ffc3ad8b000 	C:\Windows\WinSxS\amd64_microsoft.windows.common-controls_6595b64144ccf1df_6.0.19041.746_none_ca02b4b61b8320a4\COMCTL32.dll
0x00007ffc4e8d0000 - 0x00007ffc4e8fa000 	C:\Windows\System32\GDI32.dll
0x00007ffc4d320000 - 0x00007ffc4d42b000 	C:\Windows\System32\gdi32full.dll
0x00007ffc4d280000 - 0x00007ffc4d31d000 	C:\Windows\System32\msvcp_win.dll
0x00007ffc46260000 - 0x00007ffc4626a000 	C:\Windows\SYSTEM32\VERSION.dll
0x00007ffc4d4e0000 - 0x00007ffc4d510000 	C:\Windows\System32\IMM32.DLL
0x00007ffc48160000 - 0x00007ffc4816c000 	C:\Program Files\Java\jdk-15.0.2\bin\vcruntime140_1.dll
0x00007ffc38c60000 - 0x00007ffc38cf1000 	C:\Program Files\Java\jdk-15.0.2\bin\msvcp140.dll
0x00007ffc14520000 - 0x00007ffc1507e000 	C:\Program Files\Java\jdk-15.0.2\bin\server\jvm.dll
0x00007ffc4d8a0000 - 0x00007ffc4d8a8000 	C:\Windows\System32\PSAPI.DLL
0x00007ffc2d890000 - 0x00007ffc2d899000 	C:\Windows\SYSTEM32\WSOCK32.dll
0x00007ffc38920000 - 0x00007ffc38947000 	C:\Windows\SYSTEM32\WINMM.dll
0x00007ffc4f280000 - 0x00007ffc4f2eb000 	C:\Windows\System32\WS2_32.dll
0x00007ffc4aa60000 - 0x00007ffc4aa72000 	C:\Windows\SYSTEM32\kernel.appcore.dll
0x00007ffc41b10000 - 0x00007ffc41b1a000 	C:\Program Files\Java\jdk-15.0.2\bin\jimage.dll
0x00007ffc4a1a0000 - 0x00007ffc4a384000 	C:\Windows\SYSTEM32\DBGHELP.DLL
0x00007ffc349a0000 - 0x00007ffc349cc000 	C:\Windows\SYSTEM32\dbgcore.DLL
0x00007ffc4d200000 - 0x00007ffc4d280000 	C:\Windows\System32\bcryptPrimitives.dll
0x00007ffc3f2d0000 - 0x00007ffc3f2f5000 	C:\Program Files\Java\jdk-15.0.2\bin\java.dll
0x00007ffc4d8b0000 - 0x00007ffc4dff2000 	C:\Windows\System32\SHELL32.dll
0x00007ffc4ac60000 - 0x00007ffc4b3f0000 	C:\Windows\SYSTEM32\windows.storage.dll
0x00007ffc4eb10000 - 0x00007ffc4ee66000 	C:\Windows\System32\combase.dll
0x00007ffc4c570000 - 0x00007ffc4c59c000 	C:\Windows\SYSTEM32\Wldp.dll
0x00007ffc4e1b0000 - 0x00007ffc4e25e000 	C:\Windows\System32\SHCORE.dll
0x00007ffc4eab0000 - 0x00007ffc4eb05000 	C:\Windows\System32\shlwapi.dll
0x00007ffc4ca40000 - 0x00007ffc4ca66000 	C:\Windows\SYSTEM32\profapi.dll
0x00007ffc39790000 - 0x00007ffc397a9000 	C:\Program Files\Java\jdk-15.0.2\bin\net.dll
0x00007ffc3b8f0000 - 0x00007ffc3b9f0000 	C:\Windows\SYSTEM32\WINHTTP.dll
0x00007ffc4c2f0000 - 0x00007ffc4c35a000 	C:\Windows\system32\mswsock.dll
0x00007ffc38850000 - 0x00007ffc38862000 	C:\Program Files\Java\jdk-15.0.2\bin\nio.dll
0x00007ffc38830000 - 0x00007ffc38848000 	C:\Program Files\Java\jdk-15.0.2\bin\zip.dll
0x00007ffc250e0000 - 0x00007ffc25260000 	C:\Program Files\Java\jdk-15.0.2\bin\awt.dll
0x00007ffc4e800000 - 0x00007ffc4e8cd000 	C:\Windows\System32\OLEAUT32.dll
0x00007ffc4a030000 - 0x00007ffc4a0c0000 	C:\Windows\SYSTEM32\apphelp.dll
0x00007ffc4a770000 - 0x00007ffc4a79f000 	C:\Windows\system32\DWMAPI.DLL
0x00007ffc4a4c0000 - 0x00007ffc4a55e000 	C:\Windows\system32\uxtheme.dll
0x00007ffc20c20000 - 0x00007ffc20d45000 	C:\Windows\system32\opengl32.dll
0x00007ffc20bf0000 - 0x00007ffc20c1c000 	C:\Windows\SYSTEM32\GLU32.dll
0x00007ffc4f160000 - 0x00007ffc4f275000 	C:\Windows\System32\MSCTF.dll
0x00007ffc4e260000 - 0x00007ffc4e38a000 	C:\Windows\System32\ole32.dll
0x00007ffc39780000 - 0x00007ffc39790000 	C:\Program Files\Java\jdk-15.0.2\bin\verify.dll
0x00007ffc4bfd0000 - 0x00007ffc4c09b000 	C:\Windows\SYSTEM32\DNSAPI.dll
0x00007ffc4bf90000 - 0x00007ffc4bfcb000 	C:\Windows\SYSTEM32\IPHLPAPI.DLL
0x00007ffc4e900000 - 0x00007ffc4e908000 	C:\Windows\System32\NSI.dll
0x00007ffc3b7f0000 - 0x00007ffc3b7fa000 	C:\Windows\System32\rasadhlp.dll
0x00007ffc3b810000 - 0x00007ffc3b88f000 	C:\Windows\System32\fwpuclnt.dll
0x00007ffc4cb10000 - 0x00007ffc4cb37000 	C:\Windows\System32\bcrypt.dll
0x00007ffc25050000 - 0x00007ffc250d5000 	C:\Program Files\Java\jdk-15.0.2\bin\freetype.dll
0x00007ffc00aa0000 - 0x00007ffc00b49000 	C:\Program Files\Java\jdk-15.0.2\bin\fontmanager.dll
0x00007ffc3ef30000 - 0x00007ffc3f02b000 	C:\Windows\SYSTEM32\textinputframework.dll
0x00007ffc49aa0000 - 0x00007ffc49dfe000 	C:\Windows\System32\CoreUIComponents.dll
0x00007ffc49e00000 - 0x00007ffc49ef2000 	C:\Windows\System32\CoreMessaging.dll
0x00007ffc48740000 - 0x00007ffc48894000 	C:\Windows\SYSTEM32\wintypes.dll
0x00007ffc4b850000 - 0x00007ffc4b883000 	C:\Windows\SYSTEM32\ntmarta.dll

dbghelp: loaded successfully - version: 4.0.5 - missing functions: none
symbol engine: initialized successfully - sym options: 0x614 - pdb path: .;C:\Program Files\Java\jdk-15.0.2\bin;C:\Windows\SYSTEM32;C:\Windows\WinSxS\amd64_microsoft.windows.common-controls_6595b64144ccf1df_6.0.19041.746_none_ca02b4b61b8320a4;C:\Program Files\Java\jdk-15.0.2\bin\server

VM Arguments:
jvm_args: -Dfile.encoding=UTF-8 --module-path=D:\AppSetup\Java\Java Connect MySQL\mysql-connector-java-5.1.49\mysql-connector-java-5.1.49\mysql-connector-java-5.1.49-bin.jar -XX:+ShowCodeDetailsInExceptionMessages 
java_command: Form.BangChiTieu
java_class_path (initial): E:\Code Java - Eclipses\HK1-1_QuanLyDoanhThuVeSo\bin
Launcher Type: SUN_STANDARD

[Global flags]
     intx CICompilerCount                          = 4                                         {product} {ergonomic}
     uint ConcGCThreads                            = 2                                         {product} {ergonomic}
     uint G1ConcRefinementThreads                  = 8                                         {product} {ergonomic}
   size_t G1HeapRegionSize                         = 1048576                                   {product} {ergonomic}
    uintx GCDrainStackTargetSize                   = 64                                        {product} {ergonomic}
   size_t InitialHeapSize                          = 134217728                                 {product} {ergonomic}
   size_t MarkStackSize                            = 4194304                                   {product} {ergonomic}
   size_t MaxHeapSize                              = 2116026368                                {product} {ergonomic}
   size_t MaxNewSize                               = 1268776960                                {product} {ergonomic}
   size_t MinHeapDeltaBytes                        = 1048576                                   {product} {ergonomic}
   size_t MinHeapSize                              = 8388608                                   {product} {ergonomic}
    uintx NonNMethodCodeHeapSize                   = 5839372                                {pd product} {ergonomic}
    uintx NonProfiledCodeHeapSize                  = 122909434                              {pd product} {ergonomic}
    uintx ProfiledCodeHeapSize                     = 122909434                              {pd product} {ergonomic}
    uintx ReservedCodeCacheSize                    = 251658240                              {pd product} {ergonomic}
     bool SegmentedCodeCache                       = true                                      {product} {ergonomic}
     bool ShowCodeDetailsInExceptionMessages       = true                                   {manageable} {command line}
   size_t SoftMaxHeapSize                          = 2116026368                             {manageable} {ergonomic}
     bool UseCompressedClassPointers               = true                                 {lp64_product} {ergonomic}
     bool UseCompressedOops                        = true                                 {lp64_product} {ergonomic}
     bool UseG1GC                                  = true                                      {product} {ergonomic}
     bool UseLargePagesIndividualAllocation        = false                                  {pd product} {ergonomic}

Logging:
Log output configuration:
 #0: stdout all=warning uptime,level,tags
 #1: stderr all=off uptime,level,tags

Environment Variables:
PATH=C:\Program Files\Common Files\Oracle\Java\javapath;C:\Windows\system32;C:\Windows;C:\Windows\System32\Wbem;C:\Windows\System32\WindowsPowerShell\v1.0\;C:\Windows\System32\OpenSSH\;C:\Program Files\Azure Data Studio\bin;C:\Program Files\Microsoft SQL Server\Client SDK\ODBC\170\Tools\Binn\;C:\Program Files (x86)\Microsoft SQL Server\150\Tools\Binn\;C:\Program Files\Microsoft SQL Server\150\Tools\Binn\;C:\Program Files\Microsoft SQL Server\150\DTS\Binn\;C:\Program Files (x86)\Microsoft SQL Server\150\DTS\Binn\;C:\Users\Norra\AppData\Local\Microsoft\WindowsApps;;C:\Program Files\Azure Data Studio\bin
USERNAME=Norra
OS=Windows_NT
PROCESSOR_IDENTIFIER=Intel64 Family 6 Model 142 Stepping 12, GenuineIntel



---------------  S Y S T E M  ---------------

OS:
 Windows 10 , 64 bit Build 19041 (10.0.19041.804)
OS uptime: 1 days 23:55 hours

CPU: total 8 (initial active 8) (4 cores per cpu, 2 threads per core) family 6 model 142 stepping 12 microcode 0xb8, cmov, cx8, fxsr, mmx, sse, sse2, sse3, ssse3, sse4.1, sse4.2, popcnt, vzeroupper, avx, avx2, aes, clmul, erms, 3dnowpref, lzcnt, ht, tsc, tscinvbit, bmi1, bmi2, adx, fma, clflush, clflushopt

Memory: 4k page, system-wide physical 8071M (784M free)
TotalPageFile size 27184M (AvailPageFile size 5M)
current process WorkingSet (physical memory assigned to process): 85M, peak: 88M
current process commit charge ("private bytes"): 235M, peak: 239M

vm_info: Java HotSpot(TM) 64-Bit Server VM (15.0.2+7-27) for windows-amd64 JRE (15.0.2+7-27), built on Dec  7 2020 20:07:01 by "mach5one" with unknown MS VC++:1925

END.
