#
# There is insufficient memory for the Java Runtime Environment to continue.
# Native memory allocation (malloc) failed to allocate 32744 bytes for ChunkPool::allocate
# Possible reasons:
#   The system is out of physical RAM or swap space
#   The process is running with CompressedOops enabled, and the Java Heap may be blocking the growth of the native heap
# Possible solutions:
#   Reduce memory load on the system
#   Increase physical memory or swap space
#   Check if swap backing store is full
#   Decrease Java heap size (-Xmx/-Xms)
#   Decrease number of Java threads
#   Decrease Java thread stack sizes (-Xss)
#   Set larger code cache with -XX:ReservedCodeCacheSize=
#   JVM is running with Unscaled Compressed Oops mode in which the Java heap is
#     placed in the first 4GB address space. The Java Heap base address is the
#     maximum limit for the native heap growth. Please use -XX:HeapBaseMinAddress
#     to set the Java Heap base and to place the Java Heap above 4GB virtual address.
# This output file may be truncated or incomplete.
#
#  Out of Memory Error (./open/src/hotspot/share/memory/arena.cpp:79), pid=19580, tid=20300
#
# JRE version: Java(TM) SE Runtime Environment (15.0.2+7) (build 15.0.2+7-27)
# Java VM: Java HotSpot(TM) 64-Bit Server VM (15.0.2+7-27, mixed mode, sharing, tiered, compressed oops, g1 gc, windows-amd64)
# No core dump will be written. Minidumps are not enabled by default on client versions of Windows
#

---------------  S U M M A R Y ------------

Command Line: -Dfile.encoding=UTF-8 --module-path=D:\AppSetup\Java\Java Connect MySQL\mysql-connector-java-5.1.49\mysql-connector-java-5.1.49\mysql-connector-java-5.1.49-bin.jar;D:\AppSetup\Java\jlayer-1.0.1.jar -XX:+ShowCodeDetailsInExceptionMessages Form.PhieuChiTieu

Host: Intel(R) Core(TM) i7-8565U CPU @ 1.80GHz, 8 cores, 7G,  Windows 10 , 64 bit Build 19041 (10.0.19041.804)
Time: Thu Mar 11 21:54:35 2021 SE Asia Standard Time elapsed time: 0.196393 seconds (0d 0h 0m 0s)

---------------  T H R E A D  ---------------

Current thread (0x0000019893473420):  JavaThread "C1 CompilerThread0" daemon [_thread_in_native, id=20300, stack(0x0000007961200000,0x0000007961300000)]


Current CompileTask:
C1:    196  319       3       java.util.ImmutableCollections$SetN::<init> (90 bytes)

Stack: [0x0000007961200000,0x0000007961300000]
Native frames: (J=compiled Java code, j=interpreted, Vv=VM code, C=native code)
V  [jvm.dll+0x62ae9a]
V  [jvm.dll+0x7817a9]
V  [jvm.dll+0x782f03]
V  [jvm.dll+0x783563]
V  [jvm.dll+0x216325]
V  [jvm.dll+0x982cf]
V  [jvm.dll+0x9861c]
V  [jvm.dll+0x13a5f0]
V  [jvm.dll+0x147a89]
V  [jvm.dll+0x14c582]
V  [jvm.dll+0x1398fe]
V  [jvm.dll+0x1278f0]
V  [jvm.dll+0x10ffd9]
V  [jvm.dll+0x10f91f]
V  [jvm.dll+0x10fb54]
V  [jvm.dll+0x10ee92]
V  [jvm.dll+0x110d2c]
V  [jvm.dll+0x1f9225]
V  [jvm.dll+0x1f72cc]
V  [jvm.dll+0x74495d]
V  [jvm.dll+0x73d75a]
V  [jvm.dll+0x629c56]
C  [ucrtbase.dll+0x21bb2]
C  [KERNEL32.DLL+0x17034]
C  [ntdll.dll+0x52651]


---------------  P R O C E S S  ---------------

Threads class SMR info:
_java_thread_list=0x0000019894315d40, length=12, elements={
0x00000198f4910f00, 0x000001989344c6b0, 0x000001989344f940, 0x00000198934665a0,
0x0000019893468f70, 0x000001989346a0d0, 0x00000198934702c0, 0x0000019893473420,
0x000001989347c4f0, 0x00000198934311b0, 0x00000198942cbb80, 0x00000198942980e0
}

Java Threads: ( => current thread )
  0x00000198f4910f00 JavaThread "main" [_thread_in_vm, id=19684, stack(0x0000007960500000,0x0000007960600000)]
  0x000001989344c6b0 JavaThread "Reference Handler" daemon [_thread_blocked, id=20312, stack(0x0000007960c00000,0x0000007960d00000)]
  0x000001989344f940 JavaThread "Finalizer" daemon [_thread_blocked, id=20304, stack(0x0000007960d00000,0x0000007960e00000)]
  0x00000198934665a0 JavaThread "Signal Dispatcher" daemon [_thread_blocked, id=20320, stack(0x0000007960e00000,0x0000007960f00000)]
  0x0000019893468f70 JavaThread "Attach Listener" daemon [_thread_blocked, id=18680, stack(0x0000007960f00000,0x0000007961000000)]
  0x000001989346a0d0 JavaThread "Service Thread" daemon [_thread_blocked, id=19276, stack(0x0000007961000000,0x0000007961100000)]
  0x00000198934702c0 JavaThread "C2 CompilerThread0" daemon [_thread_blocked, id=19296, stack(0x0000007961100000,0x0000007961200000)]
=>0x0000019893473420 JavaThread "C1 CompilerThread0" daemon [_thread_in_native, id=20300, stack(0x0000007961200000,0x0000007961300000)]
  0x000001989347c4f0 JavaThread "Sweeper thread" daemon [_thread_blocked, id=1660, stack(0x0000007961300000,0x0000007961400000)]
  0x00000198934311b0 JavaThread "Common-Cleaner" daemon [_thread_blocked, id=20280, stack(0x0000007961400000,0x0000007961500000)]
  0x00000198942cbb80 JavaThread "C2 CompilerThread1" daemon [_thread_blocked, id=7068, stack(0x0000007961500000,0x0000007961600000)]
  0x00000198942980e0 JavaThread "Notification Thread" daemon [_thread_blocked, id=3696, stack(0x0000007961600000,0x0000007961700000)]

Other Threads:
  0x000001989344a780 VMThread "VM Thread" [stack: 0x0000007960b00000,0x0000007960c00000] [id=19420]
  0x00000198942985b0 WatcherThread [stack: 0x0000007961700000,0x0000007961800000] [id=3964]
  0x00000198f494fa50 GCTaskThread "GC Thread#0" [stack: 0x0000007960600000,0x0000007960700000] [id=19680]
  0x00000198f4962710 ConcurrentGCThread "G1 Main Marker" [stack: 0x0000007960700000,0x0000007960800000] [id=18740]
  0x00000198f49639b0 ConcurrentGCThread "G1 Conc#0" [stack: 0x0000007960800000,0x0000007960900000] [id=17544]
  0x00000198f49ecc30 ConcurrentGCThread "G1 Refine#0" [stack: 0x0000007960900000,0x0000007960a00000] [id=19660]
  0x00000198f49ed740 ConcurrentGCThread "G1 Young RemSet Sampling" [stack: 0x0000007960a00000,0x0000007960b00000] [id=19108]

Threads with active compile tasks:
C1 CompilerThread0      230  319       3       java.util.ImmutableCollections$SetN::<init> (90 bytes)

VM state: not at safepoint (normal execution)

VM Mutex/Monitor currently owned by a thread: None

Heap address: 0x0000000081e00000, size: 2018 MB, Compressed Oops mode: 32-bit
CDS archive(s) mapped at: [0x0000000800000000-0x0000000800b50000-0x0000000800b50000), size 11862016, SharedBaseAddress: 0x0000000800000000, ArchiveRelocationMode: 0.
Compressed class space mapped at: 0x0000000800b50000-0x0000000840b50000, size: 1073741824
Narrow klass base: 0x0000000800000000, Narrow klass shift: 3, Narrow klass range: 0x100000000

GC Precious Log:
 CPUs: 8 total, 8 available
 Memory: 8071M
 Large Page Support: Disabled
 NUMA Support: Disabled
 Compressed Oops: Enabled (32-bit)
 Heap Region Size: 1M
 Heap Min Capacity: 8M
 Heap Initial Capacity: 128M
 Heap Max Capacity: 2018M
 Pre-touch: Disabled
 Parallel Workers: 8
 Concurrent Workers: 2
 Concurrent Refinement Workers: 8
 Periodic GC: Disabled

Heap:
 garbage-first heap   total 131072K, used 2048K [0x0000000081e00000, 0x0000000100000000)
  region size 1024K, 3 young (3072K), 0 survivors (0K)
 Metaspace       used 1369K, capacity 1677K, committed 1792K, reserved 1060864K
  class space    used 135K, capacity 423K, committed 512K, reserved 1048576K

Heap Regions: E=young(eden), S=young(survivor), O=old, HS=humongous(starts), HC=humongous(continues), CS=collection set, F=free, OA=open archive, CA=closed archive, TAMS=top-at-mark-start (previous, next)
|   0|0x0000000081e00000, 0x0000000081e00000, 0x0000000081f00000|  0%| F|  |TAMS 0x0000000081e00000, 0x0000000081e00000| Untracked 
|   1|0x0000000081f00000, 0x0000000081f00000, 0x0000000082000000|  0%| F|  |TAMS 0x0000000081f00000, 0x0000000081f00000| Untracked 
|   2|0x0000000082000000, 0x0000000082000000, 0x0000000082100000|  0%| F|  |TAMS 0x0000000082000000, 0x0000000082000000| Untracked 
|   3|0x0000000082100000, 0x0000000082100000, 0x0000000082200000|  0%| F|  |TAMS 0x0000000082100000, 0x0000000082100000| Untracked 
|   4|0x0000000082200000, 0x0000000082200000, 0x0000000082300000|  0%| F|  |TAMS 0x0000000082200000, 0x0000000082200000| Untracked 
|   5|0x0000000082300000, 0x0000000082300000, 0x0000000082400000|  0%| F|  |TAMS 0x0000000082300000, 0x0000000082300000| Untracked 
|   6|0x0000000082400000, 0x0000000082400000, 0x0000000082500000|  0%| F|  |TAMS 0x0000000082400000, 0x0000000082400000| Untracked 
|   7|0x0000000082500000, 0x0000000082500000, 0x0000000082600000|  0%| F|  |TAMS 0x0000000082500000, 0x0000000082500000| Untracked 
|   8|0x0000000082600000, 0x0000000082600000, 0x0000000082700000|  0%| F|  |TAMS 0x0000000082600000, 0x0000000082600000| Untracked 
|   9|0x0000000082700000, 0x0000000082700000, 0x0000000082800000|  0%| F|  |TAMS 0x0000000082700000, 0x0000000082700000| Untracked 
|  10|0x0000000082800000, 0x0000000082800000, 0x0000000082900000|  0%| F|  |TAMS 0x0000000082800000, 0x0000000082800000| Untracked 
|  11|0x0000000082900000, 0x0000000082900000, 0x0000000082a00000|  0%| F|  |TAMS 0x0000000082900000, 0x0000000082900000| Untracked 
|  12|0x0000000082a00000, 0x0000000082a00000, 0x0000000082b00000|  0%| F|  |TAMS 0x0000000082a00000, 0x0000000082a00000| Untracked 
|  13|0x0000000082b00000, 0x0000000082b00000, 0x0000000082c00000|  0%| F|  |TAMS 0x0000000082b00000, 0x0000000082b00000| Untracked 
|  14|0x0000000082c00000, 0x0000000082c00000, 0x0000000082d00000|  0%| F|  |TAMS 0x0000000082c00000, 0x0000000082c00000| Untracked 
|  15|0x0000000082d00000, 0x0000000082d00000, 0x0000000082e00000|  0%| F|  |TAMS 0x0000000082d00000, 0x0000000082d00000| Untracked 
|  16|0x0000000082e00000, 0x0000000082e00000, 0x0000000082f00000|  0%| F|  |TAMS 0x0000000082e00000, 0x0000000082e00000| Untracked 
|  17|0x0000000082f00000, 0x0000000082f00000, 0x0000000083000000|  0%| F|  |TAMS 0x0000000082f00000, 0x0000000082f00000| Untracked 
|  18|0x0000000083000000, 0x0000000083000000, 0x0000000083100000|  0%| F|  |TAMS 0x0000000083000000, 0x0000000083000000| Untracked 
|  19|0x0000000083100000, 0x0000000083100000, 0x0000000083200000|  0%| F|  |TAMS 0x0000000083100000, 0x0000000083100000| Untracked 
|  20|0x0000000083200000, 0x0000000083200000, 0x0000000083300000|  0%| F|  |TAMS 0x0000000083200000, 0x0000000083200000| Untracked 
|  21|0x0000000083300000, 0x0000000083300000, 0x0000000083400000|  0%| F|  |TAMS 0x0000000083300000, 0x0000000083300000| Untracked 
|  22|0x0000000083400000, 0x0000000083400000, 0x0000000083500000|  0%| F|  |TAMS 0x0000000083400000, 0x0000000083400000| Untracked 
|  23|0x0000000083500000, 0x0000000083500000, 0x0000000083600000|  0%| F|  |TAMS 0x0000000083500000, 0x0000000083500000| Untracked 
|  24|0x0000000083600000, 0x0000000083600000, 0x0000000083700000|  0%| F|  |TAMS 0x0000000083600000, 0x0000000083600000| Untracked 
|  25|0x0000000083700000, 0x0000000083700000, 0x0000000083800000|  0%| F|  |TAMS 0x0000000083700000, 0x0000000083700000| Untracked 
|  26|0x0000000083800000, 0x0000000083800000, 0x0000000083900000|  0%| F|  |TAMS 0x0000000083800000, 0x0000000083800000| Untracked 
|  27|0x0000000083900000, 0x0000000083900000, 0x0000000083a00000|  0%| F|  |TAMS 0x0000000083900000, 0x0000000083900000| Untracked 
|  28|0x0000000083a00000, 0x0000000083a00000, 0x0000000083b00000|  0%| F|  |TAMS 0x0000000083a00000, 0x0000000083a00000| Untracked 
|  29|0x0000000083b00000, 0x0000000083b00000, 0x0000000083c00000|  0%| F|  |TAMS 0x0000000083b00000, 0x0000000083b00000| Untracked 
|  30|0x0000000083c00000, 0x0000000083c00000, 0x0000000083d00000|  0%| F|  |TAMS 0x0000000083c00000, 0x0000000083c00000| Untracked 
|  31|0x0000000083d00000, 0x0000000083d00000, 0x0000000083e00000|  0%| F|  |TAMS 0x0000000083d00000, 0x0000000083d00000| Untracked 
|  32|0x0000000083e00000, 0x0000000083e00000, 0x0000000083f00000|  0%| F|  |TAMS 0x0000000083e00000, 0x0000000083e00000| Untracked 
|  33|0x0000000083f00000, 0x0000000083f00000, 0x0000000084000000|  0%| F|  |TAMS 0x0000000083f00000, 0x0000000083f00000| Untracked 
|  34|0x0000000084000000, 0x0000000084000000, 0x0000000084100000|  0%| F|  |TAMS 0x0000000084000000, 0x0000000084000000| Untracked 
|  35|0x0000000084100000, 0x0000000084100000, 0x0000000084200000|  0%| F|  |TAMS 0x0000000084100000, 0x0000000084100000| Untracked 
|  36|0x0000000084200000, 0x0000000084200000, 0x0000000084300000|  0%| F|  |TAMS 0x0000000084200000, 0x0000000084200000| Untracked 
|  37|0x0000000084300000, 0x0000000084300000, 0x0000000084400000|  0%| F|  |TAMS 0x0000000084300000, 0x0000000084300000| Untracked 
|  38|0x0000000084400000, 0x0000000084400000, 0x0000000084500000|  0%| F|  |TAMS 0x0000000084400000, 0x0000000084400000| Untracked 
|  39|0x0000000084500000, 0x0000000084500000, 0x0000000084600000|  0%| F|  |TAMS 0x0000000084500000, 0x0000000084500000| Untracked 
|  40|0x0000000084600000, 0x0000000084600000, 0x0000000084700000|  0%| F|  |TAMS 0x0000000084600000, 0x0000000084600000| Untracked 
|  41|0x0000000084700000, 0x0000000084700000, 0x0000000084800000|  0%| F|  |TAMS 0x0000000084700000, 0x0000000084700000| Untracked 
|  42|0x0000000084800000, 0x0000000084800000, 0x0000000084900000|  0%| F|  |TAMS 0x0000000084800000, 0x0000000084800000| Untracked 
|  43|0x0000000084900000, 0x0000000084900000, 0x0000000084a00000|  0%| F|  |TAMS 0x0000000084900000, 0x0000000084900000| Untracked 
|  44|0x0000000084a00000, 0x0000000084a00000, 0x0000000084b00000|  0%| F|  |TAMS 0x0000000084a00000, 0x0000000084a00000| Untracked 
|  45|0x0000000084b00000, 0x0000000084b00000, 0x0000000084c00000|  0%| F|  |TAMS 0x0000000084b00000, 0x0000000084b00000| Untracked 
|  46|0x0000000084c00000, 0x0000000084c00000, 0x0000000084d00000|  0%| F|  |TAMS 0x0000000084c00000, 0x0000000084c00000| Untracked 
|  47|0x0000000084d00000, 0x0000000084d00000, 0x0000000084e00000|  0%| F|  |TAMS 0x0000000084d00000, 0x0000000084d00000| Untracked 
|  48|0x0000000084e00000, 0x0000000084e00000, 0x0000000084f00000|  0%| F|  |TAMS 0x0000000084e00000, 0x0000000084e00000| Untracked 
|  49|0x0000000084f00000, 0x0000000084f00000, 0x0000000085000000|  0%| F|  |TAMS 0x0000000084f00000, 0x0000000084f00000| Untracked 
|  50|0x0000000085000000, 0x0000000085000000, 0x0000000085100000|  0%| F|  |TAMS 0x0000000085000000, 0x0000000085000000| Untracked 
|  51|0x0000000085100000, 0x0000000085100000, 0x0000000085200000|  0%| F|  |TAMS 0x0000000085100000, 0x0000000085100000| Untracked 
|  52|0x0000000085200000, 0x0000000085200000, 0x0000000085300000|  0%| F|  |TAMS 0x0000000085200000, 0x0000000085200000| Untracked 
|  53|0x0000000085300000, 0x0000000085300000, 0x0000000085400000|  0%| F|  |TAMS 0x0000000085300000, 0x0000000085300000| Untracked 
|  54|0x0000000085400000, 0x0000000085400000, 0x0000000085500000|  0%| F|  |TAMS 0x0000000085400000, 0x0000000085400000| Untracked 
|  55|0x0000000085500000, 0x0000000085500000, 0x0000000085600000|  0%| F|  |TAMS 0x0000000085500000, 0x0000000085500000| Untracked 
|  56|0x0000000085600000, 0x0000000085600000, 0x0000000085700000|  0%| F|  |TAMS 0x0000000085600000, 0x0000000085600000| Untracked 
|  57|0x0000000085700000, 0x0000000085700000, 0x0000000085800000|  0%| F|  |TAMS 0x0000000085700000, 0x0000000085700000| Untracked 
|  58|0x0000000085800000, 0x0000000085800000, 0x0000000085900000|  0%| F|  |TAMS 0x0000000085800000, 0x0000000085800000| Untracked 
|  59|0x0000000085900000, 0x0000000085900000, 0x0000000085a00000|  0%| F|  |TAMS 0x0000000085900000, 0x0000000085900000| Untracked 
|  60|0x0000000085a00000, 0x0000000085a00000, 0x0000000085b00000|  0%| F|  |TAMS 0x0000000085a00000, 0x0000000085a00000| Untracked 
|  61|0x0000000085b00000, 0x0000000085b00000, 0x0000000085c00000|  0%| F|  |TAMS 0x0000000085b00000, 0x0000000085b00000| Untracked 
|  62|0x0000000085c00000, 0x0000000085c00000, 0x0000000085d00000|  0%| F|  |TAMS 0x0000000085c00000, 0x0000000085c00000| Untracked 
|  63|0x0000000085d00000, 0x0000000085d00000, 0x0000000085e00000|  0%| F|  |TAMS 0x0000000085d00000, 0x0000000085d00000| Untracked 
|  64|0x0000000085e00000, 0x0000000085e00000, 0x0000000085f00000|  0%| F|  |TAMS 0x0000000085e00000, 0x0000000085e00000| Untracked 
|  65|0x0000000085f00000, 0x0000000085f00000, 0x0000000086000000|  0%| F|  |TAMS 0x0000000085f00000, 0x0000000085f00000| Untracked 
|  66|0x0000000086000000, 0x0000000086000000, 0x0000000086100000|  0%| F|  |TAMS 0x0000000086000000, 0x0000000086000000| Untracked 
|  67|0x0000000086100000, 0x0000000086100000, 0x0000000086200000|  0%| F|  |TAMS 0x0000000086100000, 0x0000000086100000| Untracked 
|  68|0x0000000086200000, 0x0000000086200000, 0x0000000086300000|  0%| F|  |TAMS 0x0000000086200000, 0x0000000086200000| Untracked 
|  69|0x0000000086300000, 0x0000000086300000, 0x0000000086400000|  0%| F|  |TAMS 0x0000000086300000, 0x0000000086300000| Untracked 
|  70|0x0000000086400000, 0x0000000086400000, 0x0000000086500000|  0%| F|  |TAMS 0x0000000086400000, 0x0000000086400000| Untracked 
|  71|0x0000000086500000, 0x0000000086500000, 0x0000000086600000|  0%| F|  |TAMS 0x0000000086500000, 0x0000000086500000| Untracked 
|  72|0x0000000086600000, 0x0000000086600000, 0x0000000086700000|  0%| F|  |TAMS 0x0000000086600000, 0x0000000086600000| Untracked 
|  73|0x0000000086700000, 0x0000000086700000, 0x0000000086800000|  0%| F|  |TAMS 0x0000000086700000, 0x0000000086700000| Untracked 
|  74|0x0000000086800000, 0x0000000086800000, 0x0000000086900000|  0%| F|  |TAMS 0x0000000086800000, 0x0000000086800000| Untracked 
|  75|0x0000000086900000, 0x0000000086900000, 0x0000000086a00000|  0%| F|  |TAMS 0x0000000086900000, 0x0000000086900000| Untracked 
|  76|0x0000000086a00000, 0x0000000086a00000, 0x0000000086b00000|  0%| F|  |TAMS 0x0000000086a00000, 0x0000000086a00000| Untracked 
|  77|0x0000000086b00000, 0x0000000086b00000, 0x0000000086c00000|  0%| F|  |TAMS 0x0000000086b00000, 0x0000000086b00000| Untracked 
|  78|0x0000000086c00000, 0x0000000086c00000, 0x0000000086d00000|  0%| F|  |TAMS 0x0000000086c00000, 0x0000000086c00000| Untracked 
|  79|0x0000000086d00000, 0x0000000086d00000, 0x0000000086e00000|  0%| F|  |TAMS 0x0000000086d00000, 0x0000000086d00000| Untracked 
|  80|0x0000000086e00000, 0x0000000086e00000, 0x0000000086f00000|  0%| F|  |TAMS 0x0000000086e00000, 0x0000000086e00000| Untracked 
|  81|0x0000000086f00000, 0x0000000086f00000, 0x0000000087000000|  0%| F|  |TAMS 0x0000000086f00000, 0x0000000086f00000| Untracked 
|  82|0x0000000087000000, 0x0000000087000000, 0x0000000087100000|  0%| F|  |TAMS 0x0000000087000000, 0x0000000087000000| Untracked 
|  83|0x0000000087100000, 0x0000000087100000, 0x0000000087200000|  0%| F|  |TAMS 0x0000000087100000, 0x0000000087100000| Untracked 
|  84|0x0000000087200000, 0x0000000087200000, 0x0000000087300000|  0%| F|  |TAMS 0x0000000087200000, 0x0000000087200000| Untracked 
|  85|0x0000000087300000, 0x0000000087300000, 0x0000000087400000|  0%| F|  |TAMS 0x0000000087300000, 0x0000000087300000| Untracked 
|  86|0x0000000087400000, 0x0000000087400000, 0x0000000087500000|  0%| F|  |TAMS 0x0000000087400000, 0x0000000087400000| Untracked 
|  87|0x0000000087500000, 0x0000000087500000, 0x0000000087600000|  0%| F|  |TAMS 0x0000000087500000, 0x0000000087500000| Untracked 
|  88|0x0000000087600000, 0x0000000087600000, 0x0000000087700000|  0%| F|  |TAMS 0x0000000087600000, 0x0000000087600000| Untracked 
|  89|0x0000000087700000, 0x0000000087700000, 0x0000000087800000|  0%| F|  |TAMS 0x0000000087700000, 0x0000000087700000| Untracked 
|  90|0x0000000087800000, 0x0000000087800000, 0x0000000087900000|  0%| F|  |TAMS 0x0000000087800000, 0x0000000087800000| Untracked 
|  91|0x0000000087900000, 0x0000000087900000, 0x0000000087a00000|  0%| F|  |TAMS 0x0000000087900000, 0x0000000087900000| Untracked 
|  92|0x0000000087a00000, 0x0000000087a00000, 0x0000000087b00000|  0%| F|  |TAMS 0x0000000087a00000, 0x0000000087a00000| Untracked 
|  93|0x0000000087b00000, 0x0000000087b00000, 0x0000000087c00000|  0%| F|  |TAMS 0x0000000087b00000, 0x0000000087b00000| Untracked 
|  94|0x0000000087c00000, 0x0000000087c00000, 0x0000000087d00000|  0%| F|  |TAMS 0x0000000087c00000, 0x0000000087c00000| Untracked 
|  95|0x0000000087d00000, 0x0000000087d00000, 0x0000000087e00000|  0%| F|  |TAMS 0x0000000087d00000, 0x0000000087d00000| Untracked 
|  96|0x0000000087e00000, 0x0000000087e00000, 0x0000000087f00000|  0%| F|  |TAMS 0x0000000087e00000, 0x0000000087e00000| Untracked 
|  97|0x0000000087f00000, 0x0000000087f00000, 0x0000000088000000|  0%| F|  |TAMS 0x0000000087f00000, 0x0000000087f00000| Untracked 
|  98|0x0000000088000000, 0x0000000088000000, 0x0000000088100000|  0%| F|  |TAMS 0x0000000088000000, 0x0000000088000000| Untracked 
|  99|0x0000000088100000, 0x0000000088100000, 0x0000000088200000|  0%| F|  |TAMS 0x0000000088100000, 0x0000000088100000| Untracked 
| 100|0x0000000088200000, 0x0000000088200000, 0x0000000088300000|  0%| F|  |TAMS 0x0000000088200000, 0x0000000088200000| Untracked 
| 101|0x0000000088300000, 0x0000000088300000, 0x0000000088400000|  0%| F|  |TAMS 0x0000000088300000, 0x0000000088300000| Untracked 
| 102|0x0000000088400000, 0x0000000088400000, 0x0000000088500000|  0%| F|  |TAMS 0x0000000088400000, 0x0000000088400000| Untracked 
| 103|0x0000000088500000, 0x0000000088500000, 0x0000000088600000|  0%| F|  |TAMS 0x0000000088500000, 0x0000000088500000| Untracked 
| 104|0x0000000088600000, 0x0000000088600000, 0x0000000088700000|  0%| F|  |TAMS 0x0000000088600000, 0x0000000088600000| Untracked 
| 105|0x0000000088700000, 0x0000000088700000, 0x0000000088800000|  0%| F|  |TAMS 0x0000000088700000, 0x0000000088700000| Untracked 
| 106|0x0000000088800000, 0x0000000088800000, 0x0000000088900000|  0%| F|  |TAMS 0x0000000088800000, 0x0000000088800000| Untracked 
| 107|0x0000000088900000, 0x0000000088900000, 0x0000000088a00000|  0%| F|  |TAMS 0x0000000088900000, 0x0000000088900000| Untracked 
| 108|0x0000000088a00000, 0x0000000088a00000, 0x0000000088b00000|  0%| F|  |TAMS 0x0000000088a00000, 0x0000000088a00000| Untracked 
| 109|0x0000000088b00000, 0x0000000088b00000, 0x0000000088c00000|  0%| F|  |TAMS 0x0000000088b00000, 0x0000000088b00000| Untracked 
| 110|0x0000000088c00000, 0x0000000088c00000, 0x0000000088d00000|  0%| F|  |TAMS 0x0000000088c00000, 0x0000000088c00000| Untracked 
| 111|0x0000000088d00000, 0x0000000088d00000, 0x0000000088e00000|  0%| F|  |TAMS 0x0000000088d00000, 0x0000000088d00000| Untracked 
| 112|0x0000000088e00000, 0x0000000088e00000, 0x0000000088f00000|  0%| F|  |TAMS 0x0000000088e00000, 0x0000000088e00000| Untracked 
| 113|0x0000000088f00000, 0x0000000088f00000, 0x0000000089000000|  0%| F|  |TAMS 0x0000000088f00000, 0x0000000088f00000| Untracked 
| 114|0x0000000089000000, 0x0000000089000000, 0x0000000089100000|  0%| F|  |TAMS 0x0000000089000000, 0x0000000089000000| Untracked 
| 115|0x0000000089100000, 0x0000000089100000, 0x0000000089200000|  0%| F|  |TAMS 0x0000000089100000, 0x0000000089100000| Untracked 
| 116|0x0000000089200000, 0x0000000089200000, 0x0000000089300000|  0%| F|  |TAMS 0x0000000089200000, 0x0000000089200000| Untracked 
| 117|0x0000000089300000, 0x0000000089300000, 0x0000000089400000|  0%| F|  |TAMS 0x0000000089300000, 0x0000000089300000| Untracked 
| 118|0x0000000089400000, 0x0000000089400000, 0x0000000089500000|  0%| F|  |TAMS 0x0000000089400000, 0x0000000089400000| Untracked 
| 119|0x0000000089500000, 0x0000000089500000, 0x0000000089600000|  0%| F|  |TAMS 0x0000000089500000, 0x0000000089500000| Untracked 
| 120|0x0000000089600000, 0x0000000089600000, 0x0000000089700000|  0%| F|  |TAMS 0x0000000089600000, 0x0000000089600000| Untracked 
| 121|0x0000000089700000, 0x0000000089700000, 0x0000000089800000|  0%| F|  |TAMS 0x0000000089700000, 0x0000000089700000| Untracked 
| 122|0x0000000089800000, 0x0000000089800000, 0x0000000089900000|  0%| F|  |TAMS 0x0000000089800000, 0x0000000089800000| Untracked 
| 123|0x0000000089900000, 0x0000000089900000, 0x0000000089a00000|  0%| F|  |TAMS 0x0000000089900000, 0x0000000089900000| Untracked 
| 124|0x0000000089a00000, 0x0000000089a00000, 0x0000000089b00000|  0%| F|  |TAMS 0x0000000089a00000, 0x0000000089a00000| Untracked 
| 125|0x0000000089b00000, 0x0000000089bec480, 0x0000000089c00000| 92%| E|  |TAMS 0x0000000089b00000, 0x0000000089b00000| Complete 
| 126|0x0000000089c00000, 0x0000000089d00000, 0x0000000089d00000|100%| E|CS|TAMS 0x0000000089c00000, 0x0000000089c00000| Complete 
| 127|0x0000000089d00000, 0x0000000089e00000, 0x0000000089e00000|100%| E|CS|TAMS 0x0000000089d00000, 0x0000000089d00000| Complete 

Card table byte_map: [0x00000198fd280000,0x00000198fd680000] _byte_map_base: 0x00000198fce71000

Marking Bits (Prev, Next): (CMBitMap*) 0x00000198f4952170, (CMBitMap*) 0x00000198f49521b0
 Prev Bits: [0x00000198fda80000, 0x00000198ffa08000)
 Next Bits: [0x000001988f000000, 0x0000019890f88000)

Polling page: 0x00000198f2800000

Metaspace:

Usage:
  Non-class:      1.22 MB capacity,     1.21 MB ( 99%) used,    14.59 KB (  1%) free+waste,     2.25 KB ( <1%) overhead. 
      Class:    423.00 KB capacity,   135.65 KB ( 32%) used,   286.85 KB ( 68%) free+waste,   512 bytes ( <1%) overhead. 
       Both:      1.64 MB capacity,     1.34 MB ( 82%) used,   301.45 KB ( 18%) free+waste,     2.75 KB ( <1%) overhead. 

Virtual space:
  Non-class space:       12.00 MB reserved,       1.25 MB ( 10%) committed 
      Class space:        1.00 GB reserved,     512.00 KB ( <1%) committed 
             Both:        1.01 GB reserved,       1.75 MB ( <1%) committed 

Chunk freelists:
   Non-Class:  26.00 KB
       Class:  25.00 KB
        Both:  51.00 KB

MaxMetaspaceSize: 17179869184.00 GB
CompressedClassSpaceSize: 1.00 GB

CodeHeap 'non-profiled nmethods': size=120000Kb used=102Kb max_used=102Kb free=119897Kb
 bounds [0x0000019887ad0000, 0x0000019887d40000, 0x000001988f000000]
CodeHeap 'profiled nmethods': size=120000Kb used=362Kb max_used=362Kb free=119637Kb
 bounds [0x00000198805a0000, 0x0000019880810000, 0x0000019887ad0000]
CodeHeap 'non-nmethods': size=5760Kb used=1116Kb max_used=1134Kb free=4643Kb
 bounds [0x0000019880000000, 0x0000019880270000, 0x00000198805a0000]
 total_blobs=680 nmethods=322 adapters=271
 compilation: enabled
              stopped_count=0, restarted_count=0
 full_count=0

Compilation events (20 events):
Event: 0.186 Thread 0x0000019893473420 nmethod 306 0x00000198805f8c10 code [0x00000198805f8da0, 0x00000198805f8ef8]
Event: 0.187 Thread 0x0000019893473420  307       3       java.util.Optional::ofNullable (19 bytes)
Event: 0.187 Thread 0x0000019893473420 nmethod 307 0x00000198805f8f90 code [0x00000198805f9140, 0x00000198805f93f8]
Event: 0.187 Thread 0x0000019893473420  308       1       java.lang.module.ModuleDescriptor$Version::toString (5 bytes)
Event: 0.187 Thread 0x0000019893473420 nmethod 308 0x0000019887ae4d90 code [0x0000019887ae4f20, 0x0000019887ae4fd8]
Event: 0.187 Thread 0x0000019893473420  309       3       java.lang.module.ResolvedModule::name (11 bytes)
Event: 0.187 Thread 0x0000019893473420 nmethod 309 0x00000198805f9510 code [0x00000198805f96a0, 0x00000198805f97d8]
Event: 0.188 Thread 0x0000019893473420  310       3       java.util.HashMap::<init> (11 bytes)
Event: 0.188 Thread 0x0000019893473420 nmethod 310 0x00000198805f9890 code [0x00000198805f9a40, 0x00000198805f9bf8]
Event: 0.188 Thread 0x0000019893473420  311       3       java.util.AbstractSet::<init> (5 bytes)
Event: 0.188 Thread 0x0000019893473420 nmethod 311 0x00000198805f9d10 code [0x00000198805f9ec0, 0x00000198805fa078]
Event: 0.189 Thread 0x0000019893473420  312       1       java.lang.module.ResolvedModule::configuration (5 bytes)
Event: 0.189 Thread 0x0000019893473420 nmethod 312 0x0000019887ae5090 code [0x0000019887ae5220, 0x0000019887ae52d8]
Event: 0.189 Thread 0x0000019893473420  313       3       java.util.HashSet::<init> (16 bytes)
Event: 0.189 Thread 0x0000019893473420 nmethod 313 0x00000198805fa190 code [0x00000198805fa360, 0x00000198805fa778]
Event: 0.190 Thread 0x0000019893473420  314       1       java.lang.module.ModuleDescriptor::isOpen (5 bytes)
Event: 0.190 Thread 0x0000019893473420 nmethod 314 0x0000019887ae5390 code [0x0000019887ae5520, 0x0000019887ae55d8]
Event: 0.190 Thread 0x0000019893473420  315       1       java.util.HashMap::size (5 bytes)
Event: 0.190 Thread 0x0000019893473420 nmethod 315 0x0000019887ae5690 code [0x0000019887ae5820, 0x0000019887ae58d8]
Event: 0.192 Thread 0x0000019893473420  319       3       java.util.ImmutableCollections$SetN::<init> (90 bytes)

GC Heap History (0 events):
No events

Deoptimization events (4 events):
Event: 0.106 Thread 0x00000198f4910f00 Uncommon trap: trap_request=0xffffff45 fr.pc=0x0000019887ad7fd8 relative=0x0000000000000058
Event: 0.106 Thread 0x00000198f4910f00 Uncommon trap: reason=unstable_if action=reinterpret pc=0x0000019887ad7fd8 method=java.lang.String.isLatin1()Z @ 10 c2
Event: 0.106 Thread 0x00000198f4910f00 DEOPT PACKING pc=0x0000019887ad7fd8 sp=0x00000079605fd2b0
Event: 0.107 Thread 0x00000198f4910f00 DEOPT UNPACKING pc=0x000001988004e42f sp=0x00000079605fd240 mode 2

Classes unloaded (0 events):
No events

Classes redefined (0 events):
No events

Internal exceptions (5 events):
Event: 0.157 Thread 0x00000198f4910f00 Exception <a 'java/lang/NoSuchMethodError'{0x0000000089c89b58}: 'void java.lang.invoke.DirectMethodHandle$Holder.invokeSpecial(java.lang.Object, java.lang.Object, java.lang.Object)'> (0x0000000089c89b58) 
thrown [./open/src/hotspot/share/interpreter/linkResolver.cpp, line 782]
Event: 0.166 Thread 0x00000198f4910f00 Exception <a 'java/lang/NoSuchMethodError'{0x0000000089cb4208}: 'void java.lang.invoke.DirectMethodHandle$Holder.invokeSpecial(java.lang.Object, java.lang.Object, java.lang.Object, java.lang.Object, java.lang.Object)'> (0x0000000089cb4208) 
thrown [./open/src/hotspot/share/interpreter/linkResolver.cpp, line 782]
Event: 0.170 Thread 0x00000198f4910f00 Exception <a 'java/lang/NoSuchMethodError'{0x0000000089cc5d40}: 'java.lang.Object java.lang.invoke.DirectMethodHandle$Holder.invokeInterface(java.lang.Object, java.lang.Object)'> (0x0000000089cc5d40) 
thrown [./open/src/hotspot/share/interpreter/linkResolver.cpp, line 782]
Event: 0.171 Thread 0x00000198f4910f00 Exception <a 'java/lang/IncompatibleClassChangeError'{0x0000000089cc9490}: Found class java.lang.Object, but interface was expected> (0x0000000089cc9490) 
thrown [./open/src/hotspot/share/interpreter/linkResolver.cpp, line 848]
Event: 0.172 Thread 0x00000198f4910f00 Exception <a 'java/lang/NoSuchMethodError'{0x0000000089ccc488}: 'void java.lang.invoke.DirectMethodHandle$Holder.invokeStatic(java.lang.Object, java.lang.Object, java.lang.Object, java.lang.Object)'> (0x0000000089ccc488) 
thrown [./open/src/hotspot/share/interpreter/linkResolver.cpp, line 782]

Events (20 events):
Event: 0.122 Executing VM operation: HandshakeAllThreads done
Event: 0.153 loading class sun/security/util/ManifestEntryVerifier
Event: 0.154 loading class sun/security/util/ManifestEntryVerifier done
Event: 0.154 loading class java/io/BufferedReader
Event: 0.154 loading class java/io/Reader
Event: 0.154 loading class java/io/Reader done
Event: 0.154 loading class java/io/BufferedReader done
Event: 0.154 loading class java/io/InputStreamReader
Event: 0.155 loading class java/io/InputStreamReader done
Event: 0.155 loading class sun/nio/cs/StreamDecoder
Event: 0.155 loading class sun/nio/cs/StreamDecoder done
Event: 0.155 loading class sun/nio/cs/UTF_8$Decoder
Event: 0.155 loading class sun/nio/cs/UTF_8$Decoder done
Event: 0.183 Thread 0x00000198942cbb80 Thread added: 0x00000198942cbb80
Event: 0.187 loading class java/lang/WeakPairMap$Pair$Weak
Event: 0.187 loading class java/lang/WeakPairMap$WeakRefPeer
Event: 0.187 loading class java/lang/WeakPairMap$WeakRefPeer done
Event: 0.187 loading class java/lang/WeakPairMap$Pair$Weak done
Event: 0.187 loading class java/lang/WeakPairMap$Pair$Weak$1
Event: 0.188 loading class java/lang/WeakPairMap$Pair$Weak$1 done


Dynamic libraries:
0x00007ff61c6a0000 - 0x00007ff61c6af000 	C:\Program Files\Java\jdk-15.0.2\bin\javaw.exe
0x00007ffad2c30000 - 0x00007ffad2e25000 	C:\Windows\SYSTEM32\ntdll.dll
0x00007ffad2230000 - 0x00007ffad22ed000 	C:\Windows\System32\KERNEL32.DLL
0x00007ffad04a0000 - 0x00007ffad0769000 	C:\Windows\System32\KERNELBASE.dll
0x00007ffad0920000 - 0x00007ffad0a20000 	C:\Windows\System32\ucrtbase.dll
0x00007ffab4ad0000 - 0x00007ffab4ae8000 	C:\Program Files\Java\jdk-15.0.2\bin\jli.dll
0x00007ffacb6d0000 - 0x00007ffacb6e9000 	C:\Program Files\Java\jdk-15.0.2\bin\VCRUNTIME140.dll
0x00007ffad1dc0000 - 0x00007ffad1e6c000 	C:\Windows\System32\ADVAPI32.dll
0x00007ffad1a40000 - 0x00007ffad1ade000 	C:\Windows\System32\msvcrt.dll
0x00007ffad1c10000 - 0x00007ffad1cac000 	C:\Windows\System32\sechost.dll
0x00007ffad2350000 - 0x00007ffad247b000 	C:\Windows\System32\RPCRT4.dll
0x00007ffad2060000 - 0x00007ffad2200000 	C:\Windows\System32\USER32.dll
0x00007ffabddd0000 - 0x00007ffabe06a000 	C:\Windows\WinSxS\amd64_microsoft.windows.common-controls_6595b64144ccf1df_6.0.19041.844_none_ca00b6081b84eb1d\COMCTL32.dll
0x00007ffad08f0000 - 0x00007ffad0912000 	C:\Windows\System32\win32u.dll
0x00007ffad1cb0000 - 0x00007ffad1cda000 	C:\Windows\System32\GDI32.dll
0x00007ffad0b80000 - 0x00007ffad0c8b000 	C:\Windows\System32\gdi32full.dll
0x00007ffad0370000 - 0x00007ffad040d000 	C:\Windows\System32\msvcp_win.dll
0x00007ffaca250000 - 0x00007ffaca25a000 	C:\Windows\SYSTEM32\VERSION.dll
0x00007ffad2200000 - 0x00007ffad2230000 	C:\Windows\System32\IMM32.DLL
0x00007ffabd220000 - 0x00007ffabd22c000 	C:\Program Files\Java\jdk-15.0.2\bin\vcruntime140_1.dll
0x00007ffa9ffe0000 - 0x00007ffaa0071000 	C:\Program Files\Java\jdk-15.0.2\bin\msvcp140.dll
0x00007ffa7e850000 - 0x00007ffa7f3ae000 	C:\Program Files\Java\jdk-15.0.2\bin\server\jvm.dll
0x00007ffad1d40000 - 0x00007ffad1d48000 	C:\Windows\System32\PSAPI.DLL
0x00007ffabcad0000 - 0x00007ffabcad9000 	C:\Windows\SYSTEM32\WSOCK32.dll
0x00007ffab45a0000 - 0x00007ffab45c7000 	C:\Windows\SYSTEM32\WINMM.dll
0x00007ffad1d50000 - 0x00007ffad1dbb000 	C:\Windows\System32\WS2_32.dll
0x00007fface2d0000 - 0x00007fface2e2000 	C:\Windows\SYSTEM32\kernel.appcore.dll
0x00007ffab2050000 - 0x00007ffab205a000 	C:\Program Files\Java\jdk-15.0.2\bin\jimage.dll
0x00007ffacda00000 - 0x00007ffacdbe4000 	C:\Windows\SYSTEM32\DBGHELP.DLL
0x00007ffab4470000 - 0x00007ffab449c000 	C:\Windows\SYSTEM32\dbgcore.DLL
0x00007ffad0820000 - 0x00007ffad08a0000 	C:\Windows\System32\bcryptPrimitives.dll
0x00007ffab14e0000 - 0x00007ffab1505000 	C:\Program Files\Java\jdk-15.0.2\bin\java.dll
0x00007ffad1000000 - 0x00007ffad1742000 	C:\Windows\System32\SHELL32.dll
0x00007fface4d0000 - 0x00007ffacec60000 	C:\Windows\SYSTEM32\windows.storage.dll
0x00007ffad0ca0000 - 0x00007ffad0ff5000 	C:\Windows\System32\combase.dll
0x00007ffacfde0000 - 0x00007ffacfe0c000 	C:\Windows\SYSTEM32\Wldp.dll
0x00007ffad1860000 - 0x00007ffad190e000 	C:\Windows\System32\SHCORE.dll
0x00007ffad1ce0000 - 0x00007ffad1d35000 	C:\Windows\System32\shlwapi.dll
0x00007ffad02b0000 - 0x00007ffad02cf000 	C:\Windows\SYSTEM32\profapi.dll
0x00007ffab1d00000 - 0x00007ffab1d19000 	C:\Program Files\Java\jdk-15.0.2\bin\net.dll
0x00007ffac2260000 - 0x00007ffac236c000 	C:\Windows\SYSTEM32\WINHTTP.dll
0x00007ffacfb60000 - 0x00007ffacfbca000 	C:\Windows\system32\mswsock.dll
0x00007ffaaffb0000 - 0x00007ffaaffc2000 	C:\Program Files\Java\jdk-15.0.2\bin\nio.dll
0x00007ffaa6cd0000 - 0x00007ffaa6ce8000 	C:\Program Files\Java\jdk-15.0.2\bin\zip.dll

dbghelp: loaded successfully - version: 4.0.5 - missing functions: none
symbol engine: initialized successfully - sym options: 0x614 - pdb path: .;C:\Program Files\Java\jdk-15.0.2\bin;C:\Windows\SYSTEM32;C:\Windows\WinSxS\amd64_microsoft.windows.common-controls_6595b64144ccf1df_6.0.19041.844_none_ca00b6081b84eb1d;C:\Program Files\Java\jdk-15.0.2\bin\server

VM Arguments:
jvm_args: -Dfile.encoding=UTF-8 --module-path=D:\AppSetup\Java\Java Connect MySQL\mysql-connector-java-5.1.49\mysql-connector-java-5.1.49\mysql-connector-java-5.1.49-bin.jar;D:\AppSetup\Java\jlayer-1.0.1.jar -XX:+ShowCodeDetailsInExceptionMessages 
java_command: Form.PhieuChiTieu
java_class_path (initial): E:\Code Java - Eclipses\HK1-1_QuanLyDoanhThuVeSo\bin
Launcher Type: SUN_STANDARD

[Global flags]
     intx CICompilerCount                          = 4                                         {product} {ergonomic}
     uint ConcGCThreads                            = 2                                         {product} {ergonomic}
     uint G1ConcRefinementThreads                  = 8                                         {product} {ergonomic}
   size_t G1HeapRegionSize                         = 1048576                                   {product} {ergonomic}
    uintx GCDrainStackTargetSize                   = 64                                        {product} {ergonomic}
   size_t InitialHeapSize                          = 134217728                                 {product} {ergonomic}
   size_t MarkStackSize                            = 4194304                                   {product} {ergonomic}
   size_t MaxHeapSize                              = 2116026368                                {product} {ergonomic}
   size_t MaxNewSize                               = 1268776960                                {product} {ergonomic}
   size_t MinHeapDeltaBytes                        = 1048576                                   {product} {ergonomic}
   size_t MinHeapSize                              = 8388608                                   {product} {ergonomic}
    uintx NonNMethodCodeHeapSize                   = 5839372                                {pd product} {ergonomic}
    uintx NonProfiledCodeHeapSize                  = 122909434                              {pd product} {ergonomic}
    uintx ProfiledCodeHeapSize                     = 122909434                              {pd product} {ergonomic}
    uintx ReservedCodeCacheSize                    = 251658240                              {pd product} {ergonomic}
     bool SegmentedCodeCache                       = true                                      {product} {ergonomic}
     bool ShowCodeDetailsInExceptionMessages       = true                                   {manageable} {command line}
   size_t SoftMaxHeapSize                          = 2116026368                             {manageable} {ergonomic}
     bool UseCompressedClassPointers               = true                                 {lp64_product} {ergonomic}
     bool UseCompressedOops                        = true                                 {lp64_product} {ergonomic}
     bool UseG1GC                                  = true                                      {product} {ergonomic}
     bool UseLargePagesIndividualAllocation        = false                                  {pd product} {ergonomic}

Logging:
Log output configuration:
 #0: stdout all=warning uptime,level,tags
 #1: stderr all=off uptime,level,tags

Environment Variables:
PATH=C:\Program Files\Common Files\Oracle\Java\javapath;C:\Windows\system32;C:\Windows;C:\Windows\System32\Wbem;C:\Windows\System32\WindowsPowerShell\v1.0\;C:\Windows\System32\OpenSSH\;C:\Program Files\Azure Data Studio\bin;C:\Program Files\Microsoft SQL Server\Client SDK\ODBC\170\Tools\Binn\;C:\Program Files (x86)\Microsoft SQL Server\150\Tools\Binn\;C:\Program Files\Microsoft SQL Server\150\Tools\Binn\;C:\Program Files\Microsoft SQL Server\150\DTS\Binn\;C:\Program Files (x86)\Microsoft SQL Server\150\DTS\Binn\;C:\Program Files (x86)\NVIDIA Corporation\PhysX\Common;C:\Users\Norra\AppData\Local\Microsoft\WindowsApps;;C:\Program Files\Azure Data Studio\bin
USERNAME=Norra
OS=Windows_NT
PROCESSOR_IDENTIFIER=Intel64 Family 6 Model 142 Stepping 12, GenuineIntel



---------------  S Y S T E M  ---------------

OS:
 Windows 10 , 64 bit Build 19041 (10.0.19041.804)
OS uptime: 0 days 4:45 hours

CPU: total 8 (initial active 8) (4 cores per cpu, 2 threads per core) family 6 model 142 stepping 12 microcode 0xde, cmov, cx8, fxsr, mmx, sse, sse2, sse3, ssse3, sse4.1, sse4.2, popcnt, vzeroupper, avx, avx2, aes, clmul, erms, 3dnowpref, lzcnt, ht, tsc, tscinvbit, bmi1, bmi2, adx, fma, clflush, clflushopt

Memory: 4k page, system-wide physical 8071M (888M free)
TotalPageFile size 27184M (AvailPageFile size 0M)
current process WorkingSet (physical memory assigned to process): 36M, peak: 36M
current process commit charge ("private bytes"): 213M, peak: 213M

vm_info: Java HotSpot(TM) 64-Bit Server VM (15.0.2+7-27) for windows-amd64 JRE (15.0.2+7-27), built on Dec  7 2020 20:07:01 by "mach5one" with unknown MS VC++:1925

END.
