#
# There is insufficient memory for the Java Runtime Environment to continue.
# Native memory allocation (mmap) failed to map 134217728 bytes for G1 virtual space
# Possible reasons:
#   The system is out of physical RAM or swap space
#   The process is running with CompressedOops enabled, and the Java Heap may be blocking the growth of the native heap
# Possible solutions:
#   Reduce memory load on the system
#   Increase physical memory or swap space
#   Check if swap backing store is full
#   Decrease Java heap size (-Xmx/-Xms)
#   Decrease number of Java threads
#   Decrease Java thread stack sizes (-Xss)
#   Set larger code cache with -XX:ReservedCodeCacheSize=
#   JVM is running with Unscaled Compressed Oops mode in which the Java heap is
#     placed in the first 4GB address space. The Java Heap base address is the
#     maximum limit for the native heap growth. Please use -XX:HeapBaseMinAddress
#     to set the Java Heap base and to place the Java Heap above 4GB virtual address.
# This output file may be truncated or incomplete.
#
#  Out of Memory Error (./open/src/hotspot/os/windows/os_windows.cpp:3321), pid=2228, tid=24860
#
# JRE version:  (15.0.2+7) (build )
# Java VM: Java HotSpot(TM) 64-Bit Server VM (15.0.2+7-27, mixed mode, sharing, tiered, compressed oops, g1 gc, windows-amd64)
# No core dump will be written. Minidumps are not enabled by default on client versions of Windows
#

---------------  S U M M A R Y ------------

Command Line: -Dfile.encoding=UTF-8 --module-path=D:\AppSetup\Java\Java Connect MySQL\mysql-connector-java-5.1.49\mysql-connector-java-5.1.49\mysql-connector-java-5.1.49-bin.jar -XX:+ShowCodeDetailsInExceptionMessages Form.BangChiTieu

Host: Intel(R) Core(TM) i7-8565U CPU @ 1.80GHz, 8 cores, 7G,  Windows 10 , 64 bit Build 19041 (10.0.19041.804)
Time: Sat Feb 20 18:34:30 2021 SE Asia Standard Time elapsed time: 0.007706 seconds (0d 0h 0m 0s)

---------------  T H R E A D  ---------------

Current thread (0x000001ccfc730180):  JavaThread "Unknown thread" [_thread_in_vm, id=24860, stack(0x00000057cd300000,0x00000057cd400000)]

Stack: [0x00000057cd300000,0x00000057cd400000]
Native frames: (J=compiled Java code, j=interpreted, Vv=VM code, C=native code)
V  [jvm.dll+0x62ae9a]
V  [jvm.dll+0x7817a9]
V  [jvm.dll+0x782f03]
V  [jvm.dll+0x783563]
V  [jvm.dll+0x216325]
V  [jvm.dll+0x6281d9]
V  [jvm.dll+0x61cf55]
V  [jvm.dll+0x2cffdd]
V  [jvm.dll+0x2cfe42]
V  [jvm.dll+0x2d5e1c]
V  [jvm.dll+0x32590a]
V  [jvm.dll+0x324fd4]
V  [jvm.dll+0x2a6f5a]
V  [jvm.dll+0x2a80f8]
V  [jvm.dll+0x75e241]
V  [jvm.dll+0x3341c4]
V  [jvm.dll+0x73e926]
V  [jvm.dll+0x3b7557]
V  [jvm.dll+0x3b8fe1]
C  [jli.dll+0x52fb]
C  [ucrtbase.dll+0x21bb2]
C  [KERNEL32.DLL+0x17034]
C  [ntdll.dll+0x4d241]


---------------  P R O C E S S  ---------------

Threads class SMR info:
_java_thread_list=0x00007ffc14fe4ff0, length=0, elements={
}

Java Threads: ( => current thread )

Other Threads:
  0x000001ccfc76f260 GCTaskThread "GC Thread#0" [stack: 0x00000057cd400000,0x00000057cd500000] [id=5708]
  0x000001ccfc782740 ConcurrentGCThread "G1 Main Marker" [stack: 0x00000057cd500000,0x00000057cd600000] [id=25908]
  0x000001ccfc7831c0 ConcurrentGCThread "G1 Conc#0" [stack: 0x00000057cd600000,0x00000057cd700000] [id=23008]

[error occurred during error reporting (printing all threads), id 0xc0000005, EXCEPTION_ACCESS_VIOLATION (0xc0000005) at pc=0x00007ffc147d7e27]

VM state: not at safepoint (not fully initialized)

VM Mutex/Monitor currently owned by a thread:  ([mutex/lock_event])
[0x000001ccfc72b980] Heap_lock - owner thread: 0x000001ccfc730180

Heap address: 0x0000000081e00000, size: 2018 MB, Compressed Oops mode: 32-bit
CDS archive(s) mapped at: [0x0000000000000000-0x0000000000000000-0x0000000000000000), size 0, SharedBaseAddress: 0x0000000800000000, ArchiveRelocationMode: 0.
Narrow klass base: 0x0000000000000000, Narrow klass shift: 0, Narrow klass range: 0x0

Heap:
 garbage-first heap   total 131072K, used 0K [0x0000000081e00000, 0x0000000100000000)
  region size 1024K, 0 young (0K), 0 survivors (0K)
 Metaspace       used 0K, capacity 0K, committed 0K, reserved 0K
  class space    used 0K, capacity 0K, committed 0K, reserved 0K

Heap Regions: E=young(eden), S=young(survivor), O=old, HS=humongous(starts), HC=humongous(continues), CS=collection set, F=free, OA=open archive, CA=closed archive, TAMS=top-at-mark-start (previous, next)

Card table byte_map: [0x000001ccfee60000,0x000001ccff260000] _byte_map_base: 0x000001ccfea51000

Marking Bits (Prev, Next): (CMBitMap*) 0x000001ccfc771900, (CMBitMap*) 0x000001ccfc771940
 Prev Bits: [0x000001cc97160000, 0x000001cc990e8000)
 Next Bits: [0x000001cc990f0000, 0x000001cc9b078000)

GC Heap History (0 events):
No events

Deoptimization events (0 events):
No events

Classes unloaded (0 events):
No events

Classes redefined (0 events):
No events

Internal exceptions (0 events):
No events

Events (1 events):
Event: 0.005 Loaded shared library C:\Program Files\Java\jdk-15.0.2\bin\java.dll


Dynamic libraries:
0x00007ff7faad0000 - 0x00007ff7faadf000 	C:\Program Files\Java\jdk-15.0.2\bin\javaw.exe
0x00007ffc4f3d0000 - 0x00007ffc4f5c6000 	C:\Windows\SYSTEM32\ntdll.dll
0x00007ffc4f0a0000 - 0x00007ffc4f15d000 	C:\Windows\System32\KERNEL32.DLL
0x00007ffc4cbd0000 - 0x00007ffc4ce99000 	C:\Windows\System32\KERNELBASE.dll
0x00007ffc4d050000 - 0x00007ffc4d150000 	C:\Windows\System32\ucrtbase.dll
0x00007ffc39970000 - 0x00007ffc39988000 	C:\Program Files\Java\jdk-15.0.2\bin\jli.dll
0x00007ffc41b10000 - 0x00007ffc41b29000 	C:\Program Files\Java\jdk-15.0.2\bin\VCRUNTIME140.dll
0x00007ffc4d430000 - 0x00007ffc4d4dc000 	C:\Windows\System32\ADVAPI32.dll
0x00007ffc4ee70000 - 0x00007ffc4ef0e000 	C:\Windows\System32\msvcrt.dll
0x00007ffc4d800000 - 0x00007ffc4d89c000 	C:\Windows\System32\sechost.dll
0x00007ffc4ef10000 - 0x00007ffc4f03b000 	C:\Windows\System32\RPCRT4.dll
0x00007ffc4e910000 - 0x00007ffc4eab0000 	C:\Windows\System32\USER32.dll
0x00007ffc3aaf0000 - 0x00007ffc3ad8b000 	C:\Windows\WinSxS\amd64_microsoft.windows.common-controls_6595b64144ccf1df_6.0.19041.746_none_ca02b4b61b8320a4\COMCTL32.dll
0x00007ffc4cba0000 - 0x00007ffc4cbc2000 	C:\Windows\System32\win32u.dll
0x00007ffc4e8d0000 - 0x00007ffc4e8fa000 	C:\Windows\System32\GDI32.dll
0x00007ffc4d320000 - 0x00007ffc4d42b000 	C:\Windows\System32\gdi32full.dll
0x00007ffc4d280000 - 0x00007ffc4d31d000 	C:\Windows\System32\msvcp_win.dll
0x00007ffc46260000 - 0x00007ffc4626a000 	C:\Windows\SYSTEM32\VERSION.dll
0x00007ffc4d4e0000 - 0x00007ffc4d510000 	C:\Windows\System32\IMM32.DLL
0x00007ffc486d0000 - 0x00007ffc486dc000 	C:\Program Files\Java\jdk-15.0.2\bin\vcruntime140_1.dll
0x00007ffc38c60000 - 0x00007ffc38cf1000 	C:\Program Files\Java\jdk-15.0.2\bin\msvcp140.dll
0x00007ffc14520000 - 0x00007ffc1507e000 	C:\Program Files\Java\jdk-15.0.2\bin\server\jvm.dll
0x00007ffc4d8a0000 - 0x00007ffc4d8a8000 	C:\Windows\System32\PSAPI.DLL
0x00007ffc2d890000 - 0x00007ffc2d899000 	C:\Windows\SYSTEM32\WSOCK32.dll
0x00007ffc38920000 - 0x00007ffc38947000 	C:\Windows\SYSTEM32\WINMM.dll
0x00007ffc4f280000 - 0x00007ffc4f2eb000 	C:\Windows\System32\WS2_32.dll
0x00007ffc4aa60000 - 0x00007ffc4aa72000 	C:\Windows\SYSTEM32\kernel.appcore.dll
0x00007ffc48650000 - 0x00007ffc4865a000 	C:\Program Files\Java\jdk-15.0.2\bin\jimage.dll
0x00007ffc4a1a0000 - 0x00007ffc4a384000 	C:\Windows\SYSTEM32\DBGHELP.DLL
0x00007ffc349a0000 - 0x00007ffc349cc000 	C:\Windows\SYSTEM32\dbgcore.DLL
0x00007ffc4d200000 - 0x00007ffc4d280000 	C:\Windows\System32\bcryptPrimitives.dll
0x00007ffc39780000 - 0x00007ffc397a5000 	C:\Program Files\Java\jdk-15.0.2\bin\java.dll

dbghelp: loaded successfully - version: 4.0.5 - missing functions: none
symbol engine: initialized successfully - sym options: 0x614 - pdb path: .;C:\Program Files\Java\jdk-15.0.2\bin;C:\Windows\SYSTEM32;C:\Windows\WinSxS\amd64_microsoft.windows.common-controls_6595b64144ccf1df_6.0.19041.746_none_ca02b4b61b8320a4;C:\Program Files\Java\jdk-15.0.2\bin\server

VM Arguments:
jvm_args: -Dfile.encoding=UTF-8 --module-path=D:\AppSetup\Java\Java Connect MySQL\mysql-connector-java-5.1.49\mysql-connector-java-5.1.49\mysql-connector-java-5.1.49-bin.jar -XX:+ShowCodeDetailsInExceptionMessages 
java_command: Form.BangChiTieu
java_class_path (initial): E:\Code Java - Eclipses\HK1-1_QuanLyDoanhThuVeSo\bin
Launcher Type: SUN_STANDARD

[Global flags]
     intx CICompilerCount                          = 4                                         {product} {ergonomic}
     uint ConcGCThreads                            = 2                                         {product} {ergonomic}
     uint G1ConcRefinementThreads                  = 8                                         {product} {ergonomic}
   size_t G1HeapRegionSize                         = 1048576                                   {product} {ergonomic}
    uintx GCDrainStackTargetSize                   = 64                                        {product} {ergonomic}
   size_t InitialHeapSize                          = 134217728                                 {product} {ergonomic}
   size_t MarkStackSize                            = 4194304                                   {product} {ergonomic}
   size_t MaxHeapSize                              = 2116026368                                {product} {ergonomic}
   size_t MinHeapDeltaBytes                        = 1048576                                   {product} {ergonomic}
   size_t MinHeapSize                              = 8388608                                   {product} {ergonomic}
    uintx NonNMethodCodeHeapSize                   = 5839372                                {pd product} {ergonomic}
    uintx NonProfiledCodeHeapSize                  = 122909434                              {pd product} {ergonomic}
    uintx ProfiledCodeHeapSize                     = 122909434                              {pd product} {ergonomic}
    uintx ReservedCodeCacheSize                    = 251658240                              {pd product} {ergonomic}
     bool SegmentedCodeCache                       = true                                      {product} {ergonomic}
     bool ShowCodeDetailsInExceptionMessages       = true                                   {manageable} {command line}
   size_t SoftMaxHeapSize                          = 2116026368                             {manageable} {ergonomic}
     bool UseCompressedClassPointers               = true                                 {lp64_product} {ergonomic}
     bool UseCompressedOops                        = true                                 {lp64_product} {ergonomic}
     bool UseG1GC                                  = true                                      {product} {ergonomic}
     bool UseLargePagesIndividualAllocation        = false                                  {pd product} {ergonomic}

Logging:
Log output configuration:
 #0: stdout all=warning uptime,level,tags
 #1: stderr all=off uptime,level,tags

Environment Variables:
PATH=C:\Program Files\Common Files\Oracle\Java\javapath;C:\Windows\system32;C:\Windows;C:\Windows\System32\Wbem;C:\Windows\System32\WindowsPowerShell\v1.0\;C:\Windows\System32\OpenSSH\;C:\Program Files\Azure Data Studio\bin;C:\Program Files\Microsoft SQL Server\Client SDK\ODBC\170\Tools\Binn\;C:\Program Files (x86)\Microsoft SQL Server\150\Tools\Binn\;C:\Program Files\Microsoft SQL Server\150\Tools\Binn\;C:\Program Files\Microsoft SQL Server\150\DTS\Binn\;C:\Program Files (x86)\Microsoft SQL Server\150\DTS\Binn\;C:\Users\Norra\AppData\Local\Microsoft\WindowsApps;;C:\Program Files\Azure Data Studio\bin
USERNAME=Norra
OS=Windows_NT
PROCESSOR_IDENTIFIER=Intel64 Family 6 Model 142 Stepping 12, GenuineIntel



---------------  S Y S T E M  ---------------

OS:
 Windows 10 , 64 bit Build 19041 (10.0.19041.804)
OS uptime: 2 days 2:34 hours

CPU: total 8 (initial active 8) (4 cores per cpu, 2 threads per core) family 6 model 142 stepping 12 microcode 0xb8, cmov, cx8, fxsr, mmx, sse, sse2, sse3, ssse3, sse4.1, sse4.2, popcnt, vzeroupper, avx, avx2, aes, clmul, erms, 3dnowpref, lzcnt, ht, tsc, tscinvbit, bmi1, bmi2, adx, fma, clflush, clflushopt

Memory: 4k page, system-wide physical 8071M (1078M free)
TotalPageFile size 27184M (AvailPageFile size 61M)
current process WorkingSet (physical memory assigned to process): 10M, peak: 10M
current process commit charge ("private bytes"): 60M, peak: 188M

vm_info: Java HotSpot(TM) 64-Bit Server VM (15.0.2+7-27) for windows-amd64 JRE (15.0.2+7-27), built on Dec  7 2020 20:07:01 by "mach5one" with unknown MS VC++:1925

END.
