#
# There is insufficient memory for the Java Runtime Environment to continue.
# Native memory allocation (malloc) failed to allocate 186016 bytes for Chunk::new
# Possible reasons:
#   The system is out of physical RAM or swap space
#   The process is running with CompressedOops enabled, and the Java Heap may be blocking the growth of the native heap
# Possible solutions:
#   Reduce memory load on the system
#   Increase physical memory or swap space
#   Check if swap backing store is full
#   Decrease Java heap size (-Xmx/-Xms)
#   Decrease number of Java threads
#   Decrease Java thread stack sizes (-Xss)
#   Set larger code cache with -XX:ReservedCodeCacheSize=
#   JVM is running with Unscaled Compressed Oops mode in which the Java heap is
#     placed in the first 4GB address space. The Java Heap base address is the
#     maximum limit for the native heap growth. Please use -XX:HeapBaseMinAddress
#     to set the Java Heap base and to place the Java Heap above 4GB virtual address.
# This output file may be truncated or incomplete.
#
#  Out of Memory Error (./open/src/hotspot/share/memory/arena.cpp:195), pid=22876, tid=19428
#
# JRE version: Java(TM) SE Runtime Environment (15.0.2+7) (build 15.0.2+7-27)
# Java VM: Java HotSpot(TM) 64-Bit Server VM (15.0.2+7-27, mixed mode, sharing, tiered, compressed oops, g1 gc, windows-amd64)
# No core dump will be written. Minidumps are not enabled by default on client versions of Windows
#

---------------  S U M M A R Y ------------

Command Line: -Dfile.encoding=UTF-8 --module-path=D:\AppSetup\Java\Java Connect MySQL\mysql-connector-java-5.1.49\mysql-connector-java-5.1.49\mysql-connector-java-5.1.49-bin.jar -XX:+ShowCodeDetailsInExceptionMessages Form.TimKiem

Host: Intel(R) Core(TM) i7-8565U CPU @ 1.80GHz, 8 cores, 7G,  Windows 10 , 64 bit Build 19041 (10.0.19041.804)
Time: Sun Feb 21 15:20:44 2021 SE Asia Standard Time elapsed time: 1.509808 seconds (0d 0h 0m 1s)

---------------  T H R E A D  ---------------

Current thread (0x0000016d070501b0):  JavaThread "C2 CompilerThread0" daemon [_thread_in_native, id=19428, stack(0x0000002758900000,0x0000002758a00000)]


Current CompileTask:
C2:   1510  938       4       jdk.internal.org.objectweb.asm.SymbolTable::addConstantUtf8 (98 bytes)

Stack: [0x0000002758900000,0x0000002758a00000]
Native frames: (J=compiled Java code, j=interpreted, Vv=VM code, C=native code)
V  [jvm.dll+0x62ae9a]
V  [jvm.dll+0x7817a9]
V  [jvm.dll+0x782f03]
V  [jvm.dll+0x783563]
V  [jvm.dll+0x216325]
V  [jvm.dll+0x97f3a]
V  [jvm.dll+0x9861c]
V  [jvm.dll+0x279f9f]
V  [jvm.dll+0x540794]
V  [jvm.dll+0x1f2cd4]
V  [jvm.dll+0x1ebff3]
V  [jvm.dll+0x1e9867]
V  [jvm.dll+0x178567]
V  [jvm.dll+0x1f9225]
V  [jvm.dll+0x1f72cc]
V  [jvm.dll+0x74495d]
V  [jvm.dll+0x73d75a]
V  [jvm.dll+0x629c56]
C  [ucrtbase.dll+0x21bb2]
C  [KERNEL32.DLL+0x17034]
C  [ntdll.dll+0x4d241]


---------------  P R O C E S S  ---------------

Threads class SMR info:
_java_thread_list=0x0000016d07d33eb0, length=15, elements={
0x0000016d684add10, 0x0000016d07031fb0, 0x0000016d070326a0, 0x0000016d070454b0,
0x0000016d07045980, 0x0000016d0704be70, 0x0000016d070501b0, 0x0000016d07065550,
0x0000016d07077ba0, 0x0000016d07011290, 0x0000016d07b4b780, 0x0000016d07cff470,
0x0000016d07cd1000, 0x0000016d07d06420, 0x0000016d07d95010
}

Java Threads: ( => current thread )
  0x0000016d684add10 JavaThread "main" [_thread_in_vm, id=2084, stack(0x0000002757d00000,0x0000002757e00000)]
  0x0000016d07031fb0 JavaThread "Reference Handler" daemon [_thread_blocked, id=16588, stack(0x0000002758400000,0x0000002758500000)]
  0x0000016d070326a0 JavaThread "Finalizer" daemon [_thread_blocked, id=9044, stack(0x0000002758500000,0x0000002758600000)]
  0x0000016d070454b0 JavaThread "Signal Dispatcher" daemon [_thread_blocked, id=10216, stack(0x0000002758600000,0x0000002758700000)]
  0x0000016d07045980 JavaThread "Attach Listener" daemon [_thread_blocked, id=1392, stack(0x0000002758700000,0x0000002758800000)]
  0x0000016d0704be70 JavaThread "Service Thread" daemon [_thread_blocked, id=17180, stack(0x0000002758800000,0x0000002758900000)]
=>0x0000016d070501b0 JavaThread "C2 CompilerThread0" daemon [_thread_in_native, id=19428, stack(0x0000002758900000,0x0000002758a00000)]
  0x0000016d07065550 JavaThread "C1 CompilerThread0" daemon [_thread_blocked, id=13140, stack(0x0000002758a00000,0x0000002758b00000)]
  0x0000016d07077ba0 JavaThread "Sweeper thread" daemon [_thread_blocked, id=26452, stack(0x0000002758b00000,0x0000002758c00000)]
  0x0000016d07011290 JavaThread "Common-Cleaner" daemon [_thread_blocked, id=6616, stack(0x0000002758c00000,0x0000002758d00000)]
  0x0000016d07b4b780 JavaThread "Notification Thread" daemon [_thread_blocked, id=1084, stack(0x0000002758e00000,0x0000002758f00000)]
  0x0000016d07cff470 JavaThread "Java2D Disposer" daemon [_thread_blocked, id=24288, stack(0x0000002758d00000,0x0000002758e00000)]
  0x0000016d07cd1000 JavaThread "AWT-Shutdown" [_thread_blocked, id=3384, stack(0x0000002759000000,0x0000002759100000)]
  0x0000016d07d06420 JavaThread "AWT-Windows" daemon [_thread_in_native, id=10476, stack(0x0000002759100000,0x0000002759200000)]
  0x0000016d07d95010 JavaThread "mysql-cj-abandoned-connection-cleanup" daemon [_thread_blocked, id=19332, stack(0x0000002759200000,0x0000002759300000)]

Other Threads:
  0x0000016d0702d800 VMThread "VM Thread" [stack: 0x0000002758300000,0x0000002758400000] [id=10688]
  0x0000016d684aeec0 WatcherThread [stack: 0x0000002758f00000,0x0000002759000000] [id=20400]
  0x0000016d684eddc0 GCTaskThread "GC Thread#0" [stack: 0x0000002757e00000,0x0000002757f00000] [id=20848]
  0x0000016d68500c00 ConcurrentGCThread "G1 Main Marker" [stack: 0x0000002757f00000,0x0000002758000000] [id=1868]
  0x0000016d68501f20 ConcurrentGCThread "G1 Conc#0" [stack: 0x0000002758000000,0x0000002758100000] [id=15692]
  0x0000016d68581630 ConcurrentGCThread "G1 Refine#0" [stack: 0x0000002758100000,0x0000002758200000] [id=25032]
  0x0000016d68581d50 ConcurrentGCThread "G1 Young RemSet Sampling" [stack: 0x0000002758200000,0x0000002758300000] [id=24708]

Threads with active compile tasks:
C2 CompilerThread0     1561  938       4       jdk.internal.org.objectweb.asm.SymbolTable::addConstantUtf8 (98 bytes)

VM state: not at safepoint (normal execution)

VM Mutex/Monitor currently owned by a thread: None

Heap address: 0x0000000081e00000, size: 2018 MB, Compressed Oops mode: 32-bit
CDS archive(s) mapped at: [0x0000000800000000-0x0000000800b50000-0x0000000800b50000), size 11862016, SharedBaseAddress: 0x0000000800000000, ArchiveRelocationMode: 0.
Compressed class space mapped at: 0x0000000800b50000-0x0000000840b50000, size: 1073741824
Narrow klass base: 0x0000000800000000, Narrow klass shift: 3, Narrow klass range: 0x100000000

GC Precious Log:
 CPUs: 8 total, 8 available
 Memory: 8071M
 Large Page Support: Disabled
 NUMA Support: Disabled
 Compressed Oops: Enabled (32-bit)
 Heap Region Size: 1M
 Heap Min Capacity: 8M
 Heap Initial Capacity: 128M
 Heap Max Capacity: 2018M
 Pre-touch: Disabled
 Parallel Workers: 8
 Concurrent Workers: 2
 Concurrent Refinement Workers: 8
 Periodic GC: Disabled

Heap:
 garbage-first heap   total 131072K, used 11264K [0x0000000081e00000, 0x0000000100000000)
  region size 1024K, 12 young (12288K), 0 survivors (0K)
 Metaspace       used 9294K, capacity 9532K, committed 9856K, reserved 1058816K
  class space    used 967K, capacity 1064K, committed 1152K, reserved 1048576K

Heap Regions: E=young(eden), S=young(survivor), O=old, HS=humongous(starts), HC=humongous(continues), CS=collection set, F=free, OA=open archive, CA=closed archive, TAMS=top-at-mark-start (previous, next)
|   0|0x0000000081e00000, 0x0000000081e00000, 0x0000000081f00000|  0%| F|  |TAMS 0x0000000081e00000, 0x0000000081e00000| Untracked 
|   1|0x0000000081f00000, 0x0000000081f00000, 0x0000000082000000|  0%| F|  |TAMS 0x0000000081f00000, 0x0000000081f00000| Untracked 
|   2|0x0000000082000000, 0x0000000082000000, 0x0000000082100000|  0%| F|  |TAMS 0x0000000082000000, 0x0000000082000000| Untracked 
|   3|0x0000000082100000, 0x0000000082100000, 0x0000000082200000|  0%| F|  |TAMS 0x0000000082100000, 0x0000000082100000| Untracked 
|   4|0x0000000082200000, 0x0000000082200000, 0x0000000082300000|  0%| F|  |TAMS 0x0000000082200000, 0x0000000082200000| Untracked 
|   5|0x0000000082300000, 0x0000000082300000, 0x0000000082400000|  0%| F|  |TAMS 0x0000000082300000, 0x0000000082300000| Untracked 
|   6|0x0000000082400000, 0x0000000082400000, 0x0000000082500000|  0%| F|  |TAMS 0x0000000082400000, 0x0000000082400000| Untracked 
|   7|0x0000000082500000, 0x0000000082500000, 0x0000000082600000|  0%| F|  |TAMS 0x0000000082500000, 0x0000000082500000| Untracked 
|   8|0x0000000082600000, 0x0000000082600000, 0x0000000082700000|  0%| F|  |TAMS 0x0000000082600000, 0x0000000082600000| Untracked 
|   9|0x0000000082700000, 0x0000000082700000, 0x0000000082800000|  0%| F|  |TAMS 0x0000000082700000, 0x0000000082700000| Untracked 
|  10|0x0000000082800000, 0x0000000082800000, 0x0000000082900000|  0%| F|  |TAMS 0x0000000082800000, 0x0000000082800000| Untracked 
|  11|0x0000000082900000, 0x0000000082900000, 0x0000000082a00000|  0%| F|  |TAMS 0x0000000082900000, 0x0000000082900000| Untracked 
|  12|0x0000000082a00000, 0x0000000082a00000, 0x0000000082b00000|  0%| F|  |TAMS 0x0000000082a00000, 0x0000000082a00000| Untracked 
|  13|0x0000000082b00000, 0x0000000082b00000, 0x0000000082c00000|  0%| F|  |TAMS 0x0000000082b00000, 0x0000000082b00000| Untracked 
|  14|0x0000000082c00000, 0x0000000082c00000, 0x0000000082d00000|  0%| F|  |TAMS 0x0000000082c00000, 0x0000000082c00000| Untracked 
|  15|0x0000000082d00000, 0x0000000082d00000, 0x0000000082e00000|  0%| F|  |TAMS 0x0000000082d00000, 0x0000000082d00000| Untracked 
|  16|0x0000000082e00000, 0x0000000082e00000, 0x0000000082f00000|  0%| F|  |TAMS 0x0000000082e00000, 0x0000000082e00000| Untracked 
|  17|0x0000000082f00000, 0x0000000082f00000, 0x0000000083000000|  0%| F|  |TAMS 0x0000000082f00000, 0x0000000082f00000| Untracked 
|  18|0x0000000083000000, 0x0000000083000000, 0x0000000083100000|  0%| F|  |TAMS 0x0000000083000000, 0x0000000083000000| Untracked 
|  19|0x0000000083100000, 0x0000000083100000, 0x0000000083200000|  0%| F|  |TAMS 0x0000000083100000, 0x0000000083100000| Untracked 
|  20|0x0000000083200000, 0x0000000083200000, 0x0000000083300000|  0%| F|  |TAMS 0x0000000083200000, 0x0000000083200000| Untracked 
|  21|0x0000000083300000, 0x0000000083300000, 0x0000000083400000|  0%| F|  |TAMS 0x0000000083300000, 0x0000000083300000| Untracked 
|  22|0x0000000083400000, 0x0000000083400000, 0x0000000083500000|  0%| F|  |TAMS 0x0000000083400000, 0x0000000083400000| Untracked 
|  23|0x0000000083500000, 0x0000000083500000, 0x0000000083600000|  0%| F|  |TAMS 0x0000000083500000, 0x0000000083500000| Untracked 
|  24|0x0000000083600000, 0x0000000083600000, 0x0000000083700000|  0%| F|  |TAMS 0x0000000083600000, 0x0000000083600000| Untracked 
|  25|0x0000000083700000, 0x0000000083700000, 0x0000000083800000|  0%| F|  |TAMS 0x0000000083700000, 0x0000000083700000| Untracked 
|  26|0x0000000083800000, 0x0000000083800000, 0x0000000083900000|  0%| F|  |TAMS 0x0000000083800000, 0x0000000083800000| Untracked 
|  27|0x0000000083900000, 0x0000000083900000, 0x0000000083a00000|  0%| F|  |TAMS 0x0000000083900000, 0x0000000083900000| Untracked 
|  28|0x0000000083a00000, 0x0000000083a00000, 0x0000000083b00000|  0%| F|  |TAMS 0x0000000083a00000, 0x0000000083a00000| Untracked 
|  29|0x0000000083b00000, 0x0000000083b00000, 0x0000000083c00000|  0%| F|  |TAMS 0x0000000083b00000, 0x0000000083b00000| Untracked 
|  30|0x0000000083c00000, 0x0000000083c00000, 0x0000000083d00000|  0%| F|  |TAMS 0x0000000083c00000, 0x0000000083c00000| Untracked 
|  31|0x0000000083d00000, 0x0000000083d00000, 0x0000000083e00000|  0%| F|  |TAMS 0x0000000083d00000, 0x0000000083d00000| Untracked 
|  32|0x0000000083e00000, 0x0000000083e00000, 0x0000000083f00000|  0%| F|  |TAMS 0x0000000083e00000, 0x0000000083e00000| Untracked 
|  33|0x0000000083f00000, 0x0000000083f00000, 0x0000000084000000|  0%| F|  |TAMS 0x0000000083f00000, 0x0000000083f00000| Untracked 
|  34|0x0000000084000000, 0x0000000084000000, 0x0000000084100000|  0%| F|  |TAMS 0x0000000084000000, 0x0000000084000000| Untracked 
|  35|0x0000000084100000, 0x0000000084100000, 0x0000000084200000|  0%| F|  |TAMS 0x0000000084100000, 0x0000000084100000| Untracked 
|  36|0x0000000084200000, 0x0000000084200000, 0x0000000084300000|  0%| F|  |TAMS 0x0000000084200000, 0x0000000084200000| Untracked 
|  37|0x0000000084300000, 0x0000000084300000, 0x0000000084400000|  0%| F|  |TAMS 0x0000000084300000, 0x0000000084300000| Untracked 
|  38|0x0000000084400000, 0x0000000084400000, 0x0000000084500000|  0%| F|  |TAMS 0x0000000084400000, 0x0000000084400000| Untracked 
|  39|0x0000000084500000, 0x0000000084500000, 0x0000000084600000|  0%| F|  |TAMS 0x0000000084500000, 0x0000000084500000| Untracked 
|  40|0x0000000084600000, 0x0000000084600000, 0x0000000084700000|  0%| F|  |TAMS 0x0000000084600000, 0x0000000084600000| Untracked 
|  41|0x0000000084700000, 0x0000000084700000, 0x0000000084800000|  0%| F|  |TAMS 0x0000000084700000, 0x0000000084700000| Untracked 
|  42|0x0000000084800000, 0x0000000084800000, 0x0000000084900000|  0%| F|  |TAMS 0x0000000084800000, 0x0000000084800000| Untracked 
|  43|0x0000000084900000, 0x0000000084900000, 0x0000000084a00000|  0%| F|  |TAMS 0x0000000084900000, 0x0000000084900000| Untracked 
|  44|0x0000000084a00000, 0x0000000084a00000, 0x0000000084b00000|  0%| F|  |TAMS 0x0000000084a00000, 0x0000000084a00000| Untracked 
|  45|0x0000000084b00000, 0x0000000084b00000, 0x0000000084c00000|  0%| F|  |TAMS 0x0000000084b00000, 0x0000000084b00000| Untracked 
|  46|0x0000000084c00000, 0x0000000084c00000, 0x0000000084d00000|  0%| F|  |TAMS 0x0000000084c00000, 0x0000000084c00000| Untracked 
|  47|0x0000000084d00000, 0x0000000084d00000, 0x0000000084e00000|  0%| F|  |TAMS 0x0000000084d00000, 0x0000000084d00000| Untracked 
|  48|0x0000000084e00000, 0x0000000084e00000, 0x0000000084f00000|  0%| F|  |TAMS 0x0000000084e00000, 0x0000000084e00000| Untracked 
|  49|0x0000000084f00000, 0x0000000084f00000, 0x0000000085000000|  0%| F|  |TAMS 0x0000000084f00000, 0x0000000084f00000| Untracked 
|  50|0x0000000085000000, 0x0000000085000000, 0x0000000085100000|  0%| F|  |TAMS 0x0000000085000000, 0x0000000085000000| Untracked 
|  51|0x0000000085100000, 0x0000000085100000, 0x0000000085200000|  0%| F|  |TAMS 0x0000000085100000, 0x0000000085100000| Untracked 
|  52|0x0000000085200000, 0x0000000085200000, 0x0000000085300000|  0%| F|  |TAMS 0x0000000085200000, 0x0000000085200000| Untracked 
|  53|0x0000000085300000, 0x0000000085300000, 0x0000000085400000|  0%| F|  |TAMS 0x0000000085300000, 0x0000000085300000| Untracked 
|  54|0x0000000085400000, 0x0000000085400000, 0x0000000085500000|  0%| F|  |TAMS 0x0000000085400000, 0x0000000085400000| Untracked 
|  55|0x0000000085500000, 0x0000000085500000, 0x0000000085600000|  0%| F|  |TAMS 0x0000000085500000, 0x0000000085500000| Untracked 
|  56|0x0000000085600000, 0x0000000085600000, 0x0000000085700000|  0%| F|  |TAMS 0x0000000085600000, 0x0000000085600000| Untracked 
|  57|0x0000000085700000, 0x0000000085700000, 0x0000000085800000|  0%| F|  |TAMS 0x0000000085700000, 0x0000000085700000| Untracked 
|  58|0x0000000085800000, 0x0000000085800000, 0x0000000085900000|  0%| F|  |TAMS 0x0000000085800000, 0x0000000085800000| Untracked 
|  59|0x0000000085900000, 0x0000000085900000, 0x0000000085a00000|  0%| F|  |TAMS 0x0000000085900000, 0x0000000085900000| Untracked 
|  60|0x0000000085a00000, 0x0000000085a00000, 0x0000000085b00000|  0%| F|  |TAMS 0x0000000085a00000, 0x0000000085a00000| Untracked 
|  61|0x0000000085b00000, 0x0000000085b00000, 0x0000000085c00000|  0%| F|  |TAMS 0x0000000085b00000, 0x0000000085b00000| Untracked 
|  62|0x0000000085c00000, 0x0000000085c00000, 0x0000000085d00000|  0%| F|  |TAMS 0x0000000085c00000, 0x0000000085c00000| Untracked 
|  63|0x0000000085d00000, 0x0000000085d00000, 0x0000000085e00000|  0%| F|  |TAMS 0x0000000085d00000, 0x0000000085d00000| Untracked 
|  64|0x0000000085e00000, 0x0000000085e00000, 0x0000000085f00000|  0%| F|  |TAMS 0x0000000085e00000, 0x0000000085e00000| Untracked 
|  65|0x0000000085f00000, 0x0000000085f00000, 0x0000000086000000|  0%| F|  |TAMS 0x0000000085f00000, 0x0000000085f00000| Untracked 
|  66|0x0000000086000000, 0x0000000086000000, 0x0000000086100000|  0%| F|  |TAMS 0x0000000086000000, 0x0000000086000000| Untracked 
|  67|0x0000000086100000, 0x0000000086100000, 0x0000000086200000|  0%| F|  |TAMS 0x0000000086100000, 0x0000000086100000| Untracked 
|  68|0x0000000086200000, 0x0000000086200000, 0x0000000086300000|  0%| F|  |TAMS 0x0000000086200000, 0x0000000086200000| Untracked 
|  69|0x0000000086300000, 0x0000000086300000, 0x0000000086400000|  0%| F|  |TAMS 0x0000000086300000, 0x0000000086300000| Untracked 
|  70|0x0000000086400000, 0x0000000086400000, 0x0000000086500000|  0%| F|  |TAMS 0x0000000086400000, 0x0000000086400000| Untracked 
|  71|0x0000000086500000, 0x0000000086500000, 0x0000000086600000|  0%| F|  |TAMS 0x0000000086500000, 0x0000000086500000| Untracked 
|  72|0x0000000086600000, 0x0000000086600000, 0x0000000086700000|  0%| F|  |TAMS 0x0000000086600000, 0x0000000086600000| Untracked 
|  73|0x0000000086700000, 0x0000000086700000, 0x0000000086800000|  0%| F|  |TAMS 0x0000000086700000, 0x0000000086700000| Untracked 
|  74|0x0000000086800000, 0x0000000086800000, 0x0000000086900000|  0%| F|  |TAMS 0x0000000086800000, 0x0000000086800000| Untracked 
|  75|0x0000000086900000, 0x0000000086900000, 0x0000000086a00000|  0%| F|  |TAMS 0x0000000086900000, 0x0000000086900000| Untracked 
|  76|0x0000000086a00000, 0x0000000086a00000, 0x0000000086b00000|  0%| F|  |TAMS 0x0000000086a00000, 0x0000000086a00000| Untracked 
|  77|0x0000000086b00000, 0x0000000086b00000, 0x0000000086c00000|  0%| F|  |TAMS 0x0000000086b00000, 0x0000000086b00000| Untracked 
|  78|0x0000000086c00000, 0x0000000086c00000, 0x0000000086d00000|  0%| F|  |TAMS 0x0000000086c00000, 0x0000000086c00000| Untracked 
|  79|0x0000000086d00000, 0x0000000086d00000, 0x0000000086e00000|  0%| F|  |TAMS 0x0000000086d00000, 0x0000000086d00000| Untracked 
|  80|0x0000000086e00000, 0x0000000086e00000, 0x0000000086f00000|  0%| F|  |TAMS 0x0000000086e00000, 0x0000000086e00000| Untracked 
|  81|0x0000000086f00000, 0x0000000086f00000, 0x0000000087000000|  0%| F|  |TAMS 0x0000000086f00000, 0x0000000086f00000| Untracked 
|  82|0x0000000087000000, 0x0000000087000000, 0x0000000087100000|  0%| F|  |TAMS 0x0000000087000000, 0x0000000087000000| Untracked 
|  83|0x0000000087100000, 0x0000000087100000, 0x0000000087200000|  0%| F|  |TAMS 0x0000000087100000, 0x0000000087100000| Untracked 
|  84|0x0000000087200000, 0x0000000087200000, 0x0000000087300000|  0%| F|  |TAMS 0x0000000087200000, 0x0000000087200000| Untracked 
|  85|0x0000000087300000, 0x0000000087300000, 0x0000000087400000|  0%| F|  |TAMS 0x0000000087300000, 0x0000000087300000| Untracked 
|  86|0x0000000087400000, 0x0000000087400000, 0x0000000087500000|  0%| F|  |TAMS 0x0000000087400000, 0x0000000087400000| Untracked 
|  87|0x0000000087500000, 0x0000000087500000, 0x0000000087600000|  0%| F|  |TAMS 0x0000000087500000, 0x0000000087500000| Untracked 
|  88|0x0000000087600000, 0x0000000087600000, 0x0000000087700000|  0%| F|  |TAMS 0x0000000087600000, 0x0000000087600000| Untracked 
|  89|0x0000000087700000, 0x0000000087700000, 0x0000000087800000|  0%| F|  |TAMS 0x0000000087700000, 0x0000000087700000| Untracked 
|  90|0x0000000087800000, 0x0000000087800000, 0x0000000087900000|  0%| F|  |TAMS 0x0000000087800000, 0x0000000087800000| Untracked 
|  91|0x0000000087900000, 0x0000000087900000, 0x0000000087a00000|  0%| F|  |TAMS 0x0000000087900000, 0x0000000087900000| Untracked 
|  92|0x0000000087a00000, 0x0000000087a00000, 0x0000000087b00000|  0%| F|  |TAMS 0x0000000087a00000, 0x0000000087a00000| Untracked 
|  93|0x0000000087b00000, 0x0000000087b00000, 0x0000000087c00000|  0%| F|  |TAMS 0x0000000087b00000, 0x0000000087b00000| Untracked 
|  94|0x0000000087c00000, 0x0000000087c00000, 0x0000000087d00000|  0%| F|  |TAMS 0x0000000087c00000, 0x0000000087c00000| Untracked 
|  95|0x0000000087d00000, 0x0000000087d00000, 0x0000000087e00000|  0%| F|  |TAMS 0x0000000087d00000, 0x0000000087d00000| Untracked 
|  96|0x0000000087e00000, 0x0000000087e00000, 0x0000000087f00000|  0%| F|  |TAMS 0x0000000087e00000, 0x0000000087e00000| Untracked 
|  97|0x0000000087f00000, 0x0000000087f00000, 0x0000000088000000|  0%| F|  |TAMS 0x0000000087f00000, 0x0000000087f00000| Untracked 
|  98|0x0000000088000000, 0x0000000088000000, 0x0000000088100000|  0%| F|  |TAMS 0x0000000088000000, 0x0000000088000000| Untracked 
|  99|0x0000000088100000, 0x0000000088100000, 0x0000000088200000|  0%| F|  |TAMS 0x0000000088100000, 0x0000000088100000| Untracked 
| 100|0x0000000088200000, 0x0000000088200000, 0x0000000088300000|  0%| F|  |TAMS 0x0000000088200000, 0x0000000088200000| Untracked 
| 101|0x0000000088300000, 0x0000000088300000, 0x0000000088400000|  0%| F|  |TAMS 0x0000000088300000, 0x0000000088300000| Untracked 
| 102|0x0000000088400000, 0x0000000088400000, 0x0000000088500000|  0%| F|  |TAMS 0x0000000088400000, 0x0000000088400000| Untracked 
| 103|0x0000000088500000, 0x0000000088500000, 0x0000000088600000|  0%| F|  |TAMS 0x0000000088500000, 0x0000000088500000| Untracked 
| 104|0x0000000088600000, 0x0000000088600000, 0x0000000088700000|  0%| F|  |TAMS 0x0000000088600000, 0x0000000088600000| Untracked 
| 105|0x0000000088700000, 0x0000000088700000, 0x0000000088800000|  0%| F|  |TAMS 0x0000000088700000, 0x0000000088700000| Untracked 
| 106|0x0000000088800000, 0x0000000088800000, 0x0000000088900000|  0%| F|  |TAMS 0x0000000088800000, 0x0000000088800000| Untracked 
| 107|0x0000000088900000, 0x0000000088900000, 0x0000000088a00000|  0%| F|  |TAMS 0x0000000088900000, 0x0000000088900000| Untracked 
| 108|0x0000000088a00000, 0x0000000088a00000, 0x0000000088b00000|  0%| F|  |TAMS 0x0000000088a00000, 0x0000000088a00000| Untracked 
| 109|0x0000000088b00000, 0x0000000088b00000, 0x0000000088c00000|  0%| F|  |TAMS 0x0000000088b00000, 0x0000000088b00000| Untracked 
| 110|0x0000000088c00000, 0x0000000088c00000, 0x0000000088d00000|  0%| F|  |TAMS 0x0000000088c00000, 0x0000000088c00000| Untracked 
| 111|0x0000000088d00000, 0x0000000088d00000, 0x0000000088e00000|  0%| F|  |TAMS 0x0000000088d00000, 0x0000000088d00000| Untracked 
| 112|0x0000000088e00000, 0x0000000088e00000, 0x0000000088f00000|  0%| F|  |TAMS 0x0000000088e00000, 0x0000000088e00000| Untracked 
| 113|0x0000000088f00000, 0x0000000088f00000, 0x0000000089000000|  0%| F|  |TAMS 0x0000000088f00000, 0x0000000088f00000| Untracked 
| 114|0x0000000089000000, 0x0000000089000000, 0x0000000089100000|  0%| F|  |TAMS 0x0000000089000000, 0x0000000089000000| Untracked 
| 115|0x0000000089100000, 0x0000000089100000, 0x0000000089200000|  0%| F|  |TAMS 0x0000000089100000, 0x0000000089100000| Untracked 
| 116|0x0000000089200000, 0x00000000892edd30, 0x0000000089300000| 92%| E|  |TAMS 0x0000000089200000, 0x0000000089200000| Complete 
| 117|0x0000000089300000, 0x0000000089400000, 0x0000000089400000|100%| E|CS|TAMS 0x0000000089300000, 0x0000000089300000| Complete 
| 118|0x0000000089400000, 0x0000000089500000, 0x0000000089500000|100%| E|CS|TAMS 0x0000000089400000, 0x0000000089400000| Complete 
| 119|0x0000000089500000, 0x0000000089600000, 0x0000000089600000|100%| E|CS|TAMS 0x0000000089500000, 0x0000000089500000| Complete 
| 120|0x0000000089600000, 0x0000000089700000, 0x0000000089700000|100%| E|CS|TAMS 0x0000000089600000, 0x0000000089600000| Complete 
| 121|0x0000000089700000, 0x0000000089800000, 0x0000000089800000|100%| E|CS|TAMS 0x0000000089700000, 0x0000000089700000| Complete 
| 122|0x0000000089800000, 0x0000000089900000, 0x0000000089900000|100%| E|CS|TAMS 0x0000000089800000, 0x0000000089800000| Complete 
| 123|0x0000000089900000, 0x0000000089a00000, 0x0000000089a00000|100%| E|CS|TAMS 0x0000000089900000, 0x0000000089900000| Complete 
| 124|0x0000000089a00000, 0x0000000089b00000, 0x0000000089b00000|100%| E|CS|TAMS 0x0000000089a00000, 0x0000000089a00000| Complete 
| 125|0x0000000089b00000, 0x0000000089c00000, 0x0000000089c00000|100%| E|CS|TAMS 0x0000000089b00000, 0x0000000089b00000| Complete 
| 126|0x0000000089c00000, 0x0000000089d00000, 0x0000000089d00000|100%| E|CS|TAMS 0x0000000089c00000, 0x0000000089c00000| Complete 
| 127|0x0000000089d00000, 0x0000000089e00000, 0x0000000089e00000|100%| E|CS|TAMS 0x0000000089d00000, 0x0000000089d00000| Complete 

Card table byte_map: [0x0000016d00000000,0x0000016d00400000] _byte_map_base: 0x0000016cffbf1000

Marking Bits (Prev, Next): (CMBitMap*) 0x0000016d684f0560, (CMBitMap*) 0x0000016d684f05a0
 Prev Bits: [0x0000016d00800000, 0x0000016d02788000)
 Next Bits: [0x0000016d02790000, 0x0000016d04718000)

Polling page: 0x0000016d66440000

Metaspace:

Usage:
  Non-class:      8.27 MB capacity,     8.13 MB ( 98%) used,   128.32 KB (  2%) free+waste,    11.94 KB ( <1%) overhead. 
      Class:      1.04 MB capacity,   967.21 KB ( 91%) used,    91.60 KB (  9%) free+waste,     5.19 KB ( <1%) overhead. 
       Both:      9.31 MB capacity,     9.08 MB ( 98%) used,   219.92 KB (  2%) free+waste,    17.12 KB ( <1%) overhead. 

Virtual space:
  Non-class space:       10.00 MB reserved,       8.50 MB ( 85%) committed 
      Class space:        1.00 GB reserved,       1.12 MB ( <1%) committed 
             Both:        1.01 GB reserved,       9.62 MB ( <1%) committed 

Chunk freelists:
   Non-Class:  44.00 KB
       Class:  24.00 KB
        Both:  68.00 KB

MaxMetaspaceSize: 17179869184.00 GB
CompressedClassSpaceSize: 1.00 GB

CodeHeap 'non-profiled nmethods': size=120000Kb used=299Kb max_used=299Kb free=119700Kb
 bounds [0x0000016d781c0000, 0x0000016d78430000, 0x0000016d7f6f0000]
CodeHeap 'profiled nmethods': size=120000Kb used=1410Kb max_used=1410Kb free=118589Kb
 bounds [0x0000016d70c90000, 0x0000016d70f00000, 0x0000016d781c0000]
CodeHeap 'non-nmethods': size=5760Kb used=1255Kb max_used=1255Kb free=4504Kb
 bounds [0x0000016d706f0000, 0x0000016d70960000, 0x0000016d70c90000]
 total_blobs=1488 nmethods=948 adapters=453
 compilation: enabled
              stopped_count=0, restarted_count=0
 full_count=0

Compilation events (20 events):
Event: 1.497 Thread 0x0000016d07065550 nmethod 935 0x0000016d70de9890 code [0x0000016d70de9bc0, 0x0000016d70deae38]
Event: 1.497 Thread 0x0000016d07065550  936       3       jdk.internal.org.objectweb.asm.Frame::pop (53 bytes)
Event: 1.498 Thread 0x0000016d07065550 nmethod 936 0x0000016d70deb390 code [0x0000016d70deb5c0, 0x0000016d70debcf8]
Event: 1.498 Thread 0x0000016d07065550  937       3       jdk.internal.org.objectweb.asm.Type::getDescriptor (93 bytes)
Event: 1.500 Thread 0x0000016d07065550 nmethod 937 0x0000016d70dec010 code [0x0000016d70dec260, 0x0000016d70dec9a8]
Event: 1.500 Thread 0x0000016d07065550  939       3       java.util.ImmutableCollections$ListItr::hasNext (17 bytes)
Event: 1.500 Thread 0x0000016d07065550 nmethod 939 0x0000016d70decc90 code [0x0000016d70dece20, 0x0000016d70decf78]
Event: 1.500 Thread 0x0000016d07065550  942       1       sun.security.util.KnownOIDs::registerNames (2 bytes)
Event: 1.500 Thread 0x0000016d07065550 nmethod 942 0x0000016d7820ab10 code [0x0000016d7820aca0, 0x0000016d7820ad58]
Event: 1.500 Thread 0x0000016d07065550  940       3       java.util.concurrent.ConcurrentHashMap$Node::<init> (14 bytes)
Event: 1.501 Thread 0x0000016d07065550 nmethod 940 0x0000016d70ded010 code [0x0000016d70ded1c0, 0x0000016d70ded498]
Event: 1.502 Thread 0x0000016d07065550  944       3       java.util.Objects::nonNull (10 bytes)
Event: 1.502 Thread 0x0000016d07065550 nmethod 944 0x0000016d70ded590 code [0x0000016d70ded720, 0x0000016d70ded858]
Event: 1.502 Thread 0x0000016d07065550  945   !   3       java.util.ImmutableCollections$ListItr::next (34 bytes)
Event: 1.503 Thread 0x0000016d07065550 nmethod 945 0x0000016d70ded910 code [0x0000016d70dedac0, 0x0000016d70dedd38]
Event: 1.503 Thread 0x0000016d07065550  946       3       sun.security.util.KnownOIDs$$Lambda$179/0x0000000800c4ee58::accept (8 bytes)
Event: 1.504 Thread 0x0000016d07065550 nmethod 946 0x0000016d70dede90 code [0x0000016d70dee040, 0x0000016d70dee2c8]
Event: 1.504 Thread 0x0000016d07065550  947       3       sun.security.util.KnownOIDs::lambda$static$0 (5 bytes)
Event: 1.504 Thread 0x0000016d07065550 nmethod 947 0x0000016d70dee390 code [0x0000016d70dee520, 0x0000016d70dee628]
Event: 1.505 Thread 0x0000016d07065550  948       3       java.lang.StringLatin1::toLowerCase (186 bytes)

GC Heap History (0 events):
No events

Deoptimization events (16 events):
Event: 0.278 Thread 0x0000016d684add10 Uncommon trap: trap_request=0xffffff45 fr.pc=0x0000016d781c57d8 relative=0x0000000000000058
Event: 0.278 Thread 0x0000016d684add10 Uncommon trap: reason=unstable_if action=reinterpret pc=0x0000016d781c57d8 method=java.lang.String.isLatin1()Z @ 10 c2
Event: 0.278 Thread 0x0000016d684add10 DEOPT PACKING pc=0x0000016d781c57d8 sp=0x0000002757dfcbc0
Event: 0.278 Thread 0x0000016d684add10 DEOPT UNPACKING pc=0x0000016d7073e42f sp=0x0000002757dfcb50 mode 2
Event: 0.335 Thread 0x0000016d684add10 Uncommon trap: trap_request=0xffffff45 fr.pc=0x0000016d781c8900 relative=0x0000000000000080
Event: 0.335 Thread 0x0000016d684add10 Uncommon trap: reason=unstable_if action=reinterpret pc=0x0000016d781c8900 method=java.lang.String.charAt(I)C @ 4 c2
Event: 0.335 Thread 0x0000016d684add10 DEOPT PACKING pc=0x0000016d781c8900 sp=0x0000002757dfeb00
Event: 0.335 Thread 0x0000016d684add10 DEOPT UNPACKING pc=0x0000016d7073e42f sp=0x0000002757dfeaa0 mode 2
Event: 0.782 Thread 0x0000016d684add10 Uncommon trap: trap_request=0xffffff45 fr.pc=0x0000016d781d5aa8 relative=0x0000000000000188
Event: 0.782 Thread 0x0000016d684add10 Uncommon trap: reason=unstable_if action=reinterpret pc=0x0000016d781d5aa8 method=java.lang.String.equals(Ljava/lang/Object;)Z @ 33 c2
Event: 0.782 Thread 0x0000016d684add10 DEOPT PACKING pc=0x0000016d781d5aa8 sp=0x0000002757dfed50
Event: 0.782 Thread 0x0000016d684add10 DEOPT UNPACKING pc=0x0000016d7073e42f sp=0x0000002757dfecf0 mode 2
Event: 0.838 Thread 0x0000016d684add10 Uncommon trap: trap_request=0xffffff45 fr.pc=0x0000016d781d1b38 relative=0x0000000000000098
Event: 0.838 Thread 0x0000016d684add10 Uncommon trap: reason=unstable_if action=reinterpret pc=0x0000016d781d1b38 method=java.util.HashMap.hash(Ljava/lang/Object;)I @ 1 c2
Event: 0.838 Thread 0x0000016d684add10 DEOPT PACKING pc=0x0000016d781d1b38 sp=0x0000002757dfe700
Event: 0.838 Thread 0x0000016d684add10 DEOPT UNPACKING pc=0x0000016d7073e42f sp=0x0000002757dfe698 mode 2

Classes unloaded (0 events):
No events

Classes redefined (0 events):
No events

Internal exceptions (18 events):
Event: 0.311 Thread 0x0000016d684add10 Exception <a 'java/lang/NoSuchMethodError'{0x0000000089c87d70}: 'void java.lang.invoke.DirectMethodHandle$Holder.invokeSpecial(java.lang.Object, java.lang.Object, java.lang.Object)'> (0x0000000089c87d70) 
thrown [./open/src/hotspot/share/interpreter/linkResolver.cpp, line 782]
Event: 0.316 Thread 0x0000016d684add10 Exception <a 'java/lang/NoSuchMethodError'{0x0000000089c9ff08}: 'void java.lang.invoke.DirectMethodHandle$Holder.invokeSpecial(java.lang.Object, java.lang.Object, java.lang.Object, java.lang.Object, java.lang.Object)'> (0x0000000089c9ff08) 
thrown [./open/src/hotspot/share/interpreter/linkResolver.cpp, line 782]
Event: 0.319 Thread 0x0000016d684add10 Exception <a 'java/lang/NoSuchMethodError'{0x0000000089cb2f50}: 'java.lang.Object java.lang.invoke.DirectMethodHandle$Holder.invokeInterface(java.lang.Object, java.lang.Object)'> (0x0000000089cb2f50) 
thrown [./open/src/hotspot/share/interpreter/linkResolver.cpp, line 782]
Event: 0.319 Thread 0x0000016d684add10 Exception <a 'java/lang/IncompatibleClassChangeError'{0x0000000089cb66a0}: Found class java.lang.Object, but interface was expected> (0x0000000089cb66a0) 
thrown [./open/src/hotspot/share/interpreter/linkResolver.cpp, line 848]
Event: 0.320 Thread 0x0000016d684add10 Exception <a 'java/lang/NoSuchMethodError'{0x0000000089cb9698}: 'void java.lang.invoke.DirectMethodHandle$Holder.invokeStatic(java.lang.Object, java.lang.Object, java.lang.Object, java.lang.Object)'> (0x0000000089cb9698) 
thrown [./open/src/hotspot/share/interpreter/linkResolver.cpp, line 782]
Event: 0.360 Thread 0x0000016d684add10 Exception <a 'java/lang/ClassNotFoundException'{0x0000000089b75718}: sun/awt/resources/spi/awtProvider> (0x0000000089b75718) 
thrown [./open/src/hotspot/share/classfile/systemDictionary.cpp, line 295]
Event: 0.410 Thread 0x0000016d684add10 Exception <a 'java/io/FileNotFoundException'{0x0000000089bca640}> (0x0000000089bca640) 
thrown [./open/src/hotspot/share/prims/jni.cpp, line 578]
Event: 0.431 Thread 0x0000016d684add10 Exception <a 'java/io/FileNotFoundException'{0x0000000089bf9100}> (0x0000000089bf9100) 
thrown [./open/src/hotspot/share/prims/jni.cpp, line 578]
Event: 0.433 Thread 0x0000016d684add10 Exception <a 'java/lang/NoSuchMethodError'{0x0000000089bfa1f8}: 'java.lang.Object java.lang.invoke.DirectMethodHandle$Holder.invokeStatic(java.lang.Object)'> (0x0000000089bfa1f8) 
thrown [./open/src/hotspot/share/interpreter/linkResolver.cpp, line 782]
Event: 0.540 Thread 0x0000016d684add10 Exception <a 'java/lang/NoSuchMethodError'{0x0000000089a4ed60}: 'java.lang.Object java.lang.invoke.DirectMethodHandle$Holder.invokeStaticInit(java.lang.Object)'> (0x0000000089a4ed60) 
thrown [./open/src/hotspot/share/interpreter/linkResolver.cpp, line 782]
Event: 0.658 Thread 0x0000016d684add10 Exception <a 'java/lang/NoSuchMethodError'{0x0000000089936230}: 'java.lang.Object java.lang.invoke.DirectMethodHandle$Holder.newInvokeSpecial(java.lang.Object, java.lang.Object, java.lang.Object, java.lang.Object, java.lang.Object)'> (0x0000000089936230) 
thrown [./open/src/hotspot/share/interpreter/linkResolver.cpp, line 782]
Event: 0.662 Thread 0x0000016d684add10 Exception <a 'java/lang/NoSuchMethodError'{0x0000000089941cc0}: 'java.lang.Object java.lang.invoke.DirectMethodHandle$Holder.invokeStatic(java.lang.Object, int, java.lang.Object, java.lang.Object, java.lang.Object, java.lang.Object)'> (0x0000000089941cc0) 
thrown [./open/src/hotspot/share/interpreter/linkResolver.cpp, line 782]
Event: 0.674 Thread 0x0000016d684add10 Exception <a 'java/lang/NoSuchMethodError'{0x0000000089967f68}: 'java.lang.Object java.lang.invoke.DirectMethodHandle$Holder.invokeStatic(java.lang.Object, int, java.lang.Object)'> (0x0000000089967f68) 
thrown [./open/src/hotspot/share/interpreter/linkResolver.cpp, line 782]
Event: 0.736 Thread 0x0000016d684add10 Exception <a 'java/lang/ClassNotFoundException'{0x0000000089820008}: com/sun/swing/internal/plaf/metal/resources/spi/metalProvider> (0x0000000089820008) 
thrown [./open/src/hotspot/share/classfile/systemDictionary.cpp, line 295]
Event: 0.738 Thread 0x0000016d684add10 Exception <a 'java/lang/ClassNotFoundException'{0x00000000898242c8}: com/sun/swing/internal/plaf/basic/resources/spi/basicProvider> (0x00000000898242c8) 
thrown [./open/src/hotspot/share/classfile/systemDictionary.cpp, line 295]
Event: 0.838 Thread 0x0000016d684add10 Implicit null exception at 0x0000016d781d1aaf to 0x0000016d781d1b29
Event: 1.457 Thread 0x0000016d684add10 Exception <a 'java/lang/NoSuchMethodError'{0x00000000892468a8}: 'void java.lang.invoke.DirectMethodHandle$Holder.invokeStatic(java.lang.Object, java.lang.Object)'> (0x00000000892468a8) 
thrown [./open/src/hotspot/share/interpreter/linkResolver.cpp, line 782]
Event: 1.495 Thread 0x0000016d684add10 Exception <a 'java/lang/NoSuchMethodError'{0x0000000089285898}: 'void java.lang.invoke.DirectMethodHandle$Holder.invokeStaticInit(java.lang.Object, java.lang.Object)'> (0x0000000089285898) 
thrown [./open/src/hotspot/share/interpreter/linkResolver.cpp, line 782]

Events (20 events):
Event: 1.490 loading class sun/security/util/KnownOIDs$1
Event: 1.490 loading class sun/security/util/KnownOIDs$1 done
Event: 1.490 loading class sun/security/util/KnownOIDs$2
Event: 1.490 loading class sun/security/util/KnownOIDs$2 done
Event: 1.491 loading class sun/security/util/KnownOIDs$3
Event: 1.491 loading class sun/security/util/KnownOIDs$3 done
Event: 1.492 loading class sun/security/util/KnownOIDs$4
Event: 1.492 loading class sun/security/util/KnownOIDs$4 done
Event: 1.493 loading class sun/security/util/KnownOIDs$5
Event: 1.493 loading class sun/security/util/KnownOIDs$5 done
Event: 1.493 loading class sun/security/util/KnownOIDs$6
Event: 1.493 loading class sun/security/util/KnownOIDs$6 done
Event: 1.493 loading class sun/security/util/KnownOIDs$7
Event: 1.493 loading class sun/security/util/KnownOIDs$7 done
Event: 1.493 loading class sun/security/util/KnownOIDs$8
Event: 1.493 loading class sun/security/util/KnownOIDs$8 done
Event: 1.493 loading class sun/security/util/KnownOIDs$9
Event: 1.493 loading class sun/security/util/KnownOIDs$9 done
Event: 1.494 loading class sun/security/util/KnownOIDs$10
Event: 1.494 loading class sun/security/util/KnownOIDs$10 done


Dynamic libraries:
0x00007ff66fb10000 - 0x00007ff66fb1f000 	C:\Program Files\Java\jdk-15.0.2\bin\javaw.exe
0x00007ffc4f3d0000 - 0x00007ffc4f5c6000 	C:\Windows\SYSTEM32\ntdll.dll
0x00007ffc4f0a0000 - 0x00007ffc4f15d000 	C:\Windows\System32\KERNEL32.DLL
0x00007ffc4cbd0000 - 0x00007ffc4ce99000 	C:\Windows\System32\KERNELBASE.dll
0x00007ffc4d050000 - 0x00007ffc4d150000 	C:\Windows\System32\ucrtbase.dll
0x00007ffc3bc70000 - 0x00007ffc3bc89000 	C:\Program Files\Java\jdk-15.0.2\bin\VCRUNTIME140.dll
0x00007ffc3d390000 - 0x00007ffc3d3a8000 	C:\Program Files\Java\jdk-15.0.2\bin\jli.dll
0x00007ffc4d430000 - 0x00007ffc4d4dc000 	C:\Windows\System32\ADVAPI32.dll
0x00007ffc4ee70000 - 0x00007ffc4ef0e000 	C:\Windows\System32\msvcrt.dll
0x00007ffc4d800000 - 0x00007ffc4d89c000 	C:\Windows\System32\sechost.dll
0x00007ffc4ef10000 - 0x00007ffc4f03b000 	C:\Windows\System32\RPCRT4.dll
0x00007ffc4e910000 - 0x00007ffc4eab0000 	C:\Windows\System32\USER32.dll
0x00007ffc3aaf0000 - 0x00007ffc3ad8b000 	C:\Windows\WinSxS\amd64_microsoft.windows.common-controls_6595b64144ccf1df_6.0.19041.746_none_ca02b4b61b8320a4\COMCTL32.dll
0x00007ffc4cba0000 - 0x00007ffc4cbc2000 	C:\Windows\System32\win32u.dll
0x00007ffc4e8d0000 - 0x00007ffc4e8fa000 	C:\Windows\System32\GDI32.dll
0x00007ffc4d320000 - 0x00007ffc4d42b000 	C:\Windows\System32\gdi32full.dll
0x00007ffc4d280000 - 0x00007ffc4d31d000 	C:\Windows\System32\msvcp_win.dll
0x00007ffc46260000 - 0x00007ffc4626a000 	C:\Windows\SYSTEM32\VERSION.dll
0x00007ffc4d4e0000 - 0x00007ffc4d510000 	C:\Windows\System32\IMM32.DLL
0x00007ffc474e0000 - 0x00007ffc474ec000 	C:\Program Files\Java\jdk-15.0.2\bin\vcruntime140_1.dll
0x00007ffc1ecf0000 - 0x00007ffc1ed81000 	C:\Program Files\Java\jdk-15.0.2\bin\msvcp140.dll
0x00007ffbfee00000 - 0x00007ffbff95e000 	C:\Program Files\Java\jdk-15.0.2\bin\server\jvm.dll
0x00007ffc4d8a0000 - 0x00007ffc4d8a8000 	C:\Windows\System32\PSAPI.DLL
0x00007ffc38920000 - 0x00007ffc38947000 	C:\Windows\SYSTEM32\WINMM.dll
0x00007ffc44fd0000 - 0x00007ffc44fd9000 	C:\Windows\SYSTEM32\WSOCK32.dll
0x00007ffc4f280000 - 0x00007ffc4f2eb000 	C:\Windows\System32\WS2_32.dll
0x00007ffc4aa60000 - 0x00007ffc4aa72000 	C:\Windows\SYSTEM32\kernel.appcore.dll
0x00007ffc43080000 - 0x00007ffc4308a000 	C:\Program Files\Java\jdk-15.0.2\bin\jimage.dll
0x00007ffc4a1a0000 - 0x00007ffc4a384000 	C:\Windows\SYSTEM32\DBGHELP.DLL
0x00007ffc349a0000 - 0x00007ffc349cc000 	C:\Windows\SYSTEM32\dbgcore.DLL
0x00007ffc4d200000 - 0x00007ffc4d280000 	C:\Windows\System32\bcryptPrimitives.dll
0x00007ffc37ee0000 - 0x00007ffc37f05000 	C:\Program Files\Java\jdk-15.0.2\bin\java.dll
0x00007ffc4d8b0000 - 0x00007ffc4dff2000 	C:\Windows\System32\SHELL32.dll
0x00007ffc4ac60000 - 0x00007ffc4b3f0000 	C:\Windows\SYSTEM32\windows.storage.dll
0x00007ffc4eb10000 - 0x00007ffc4ee66000 	C:\Windows\System32\combase.dll
0x00007ffc4c570000 - 0x00007ffc4c59c000 	C:\Windows\SYSTEM32\Wldp.dll
0x00007ffc4e1b0000 - 0x00007ffc4e25e000 	C:\Windows\System32\SHCORE.dll
0x00007ffc4eab0000 - 0x00007ffc4eb05000 	C:\Windows\System32\shlwapi.dll
0x00007ffc4ca40000 - 0x00007ffc4ca66000 	C:\Windows\SYSTEM32\profapi.dll
0x00007ffc37ec0000 - 0x00007ffc37ed9000 	C:\Program Files\Java\jdk-15.0.2\bin\net.dll
0x00007ffc3b8f0000 - 0x00007ffc3b9f0000 	C:\Windows\SYSTEM32\WINHTTP.dll
0x00007ffc4c2f0000 - 0x00007ffc4c35a000 	C:\Windows\system32\mswsock.dll
0x00007ffc37ea0000 - 0x00007ffc37eb2000 	C:\Program Files\Java\jdk-15.0.2\bin\nio.dll
0x00007ffc25f60000 - 0x00007ffc25f78000 	C:\Program Files\Java\jdk-15.0.2\bin\zip.dll
0x00007ffc19630000 - 0x00007ffc197b0000 	C:\Program Files\Java\jdk-15.0.2\bin\awt.dll
0x00007ffc4e800000 - 0x00007ffc4e8cd000 	C:\Windows\System32\OLEAUT32.dll
0x00007ffc4a030000 - 0x00007ffc4a0c0000 	C:\Windows\SYSTEM32\apphelp.dll
0x00007ffc4a770000 - 0x00007ffc4a79f000 	C:\Windows\system32\DWMAPI.DLL
0x00007ffc4a4c0000 - 0x00007ffc4a55e000 	C:\Windows\system32\uxtheme.dll
0x00007ffc38360000 - 0x00007ffc38485000 	C:\Windows\system32\opengl32.dll
0x00007ffc39cb0000 - 0x00007ffc39cdc000 	C:\Windows\SYSTEM32\GLU32.dll
0x00007ffc4f160000 - 0x00007ffc4f275000 	C:\Windows\System32\MSCTF.dll
0x00007ffc4e260000 - 0x00007ffc4e38a000 	C:\Windows\System32\ole32.dll
0x00007ffc418f0000 - 0x00007ffc41900000 	C:\Program Files\Java\jdk-15.0.2\bin\verify.dll
0x00007ffc4bfd0000 - 0x00007ffc4c09b000 	C:\Windows\SYSTEM32\DNSAPI.dll
0x00007ffc4bf90000 - 0x00007ffc4bfcb000 	C:\Windows\SYSTEM32\IPHLPAPI.DLL
0x00007ffc4e900000 - 0x00007ffc4e908000 	C:\Windows\System32\NSI.dll
0x00007ffc3b7f0000 - 0x00007ffc3b7fa000 	C:\Windows\System32\rasadhlp.dll
0x00007ffc3b810000 - 0x00007ffc3b88f000 	C:\Windows\System32\fwpuclnt.dll
0x00007ffc4cb10000 - 0x00007ffc4cb37000 	C:\Windows\System32\bcrypt.dll

dbghelp: loaded successfully - version: 4.0.5 - missing functions: none
symbol engine: initialized successfully - sym options: 0x614 - pdb path: .;C:\Program Files\Java\jdk-15.0.2\bin;C:\Windows\SYSTEM32;C:\Windows\WinSxS\amd64_microsoft.windows.common-controls_6595b64144ccf1df_6.0.19041.746_none_ca02b4b61b8320a4;C:\Program Files\Java\jdk-15.0.2\bin\server

VM Arguments:
jvm_args: -Dfile.encoding=UTF-8 --module-path=D:\AppSetup\Java\Java Connect MySQL\mysql-connector-java-5.1.49\mysql-connector-java-5.1.49\mysql-connector-java-5.1.49-bin.jar -XX:+ShowCodeDetailsInExceptionMessages 
java_command: Form.TimKiem
java_class_path (initial): E:\Code Java - Eclipses\HK1-1_QuanLyDoanhThuVeSo\bin
Launcher Type: SUN_STANDARD

[Global flags]
     intx CICompilerCount                          = 4                                         {product} {ergonomic}
     uint ConcGCThreads                            = 2                                         {product} {ergonomic}
     uint G1ConcRefinementThreads                  = 8                                         {product} {ergonomic}
   size_t G1HeapRegionSize                         = 1048576                                   {product} {ergonomic}
    uintx GCDrainStackTargetSize                   = 64                                        {product} {ergonomic}
   size_t InitialHeapSize                          = 134217728                                 {product} {ergonomic}
   size_t MarkStackSize                            = 4194304                                   {product} {ergonomic}
   size_t MaxHeapSize                              = 2116026368                                {product} {ergonomic}
   size_t MaxNewSize                               = 1268776960                                {product} {ergonomic}
   size_t MinHeapDeltaBytes                        = 1048576                                   {product} {ergonomic}
   size_t MinHeapSize                              = 8388608                                   {product} {ergonomic}
    uintx NonNMethodCodeHeapSize                   = 5839372                                {pd product} {ergonomic}
    uintx NonProfiledCodeHeapSize                  = 122909434                              {pd product} {ergonomic}
    uintx ProfiledCodeHeapSize                     = 122909434                              {pd product} {ergonomic}
    uintx ReservedCodeCacheSize                    = 251658240                              {pd product} {ergonomic}
     bool SegmentedCodeCache                       = true                                      {product} {ergonomic}
     bool ShowCodeDetailsInExceptionMessages       = true                                   {manageable} {command line}
   size_t SoftMaxHeapSize                          = 2116026368                             {manageable} {ergonomic}
     bool UseCompressedClassPointers               = true                                 {lp64_product} {ergonomic}
     bool UseCompressedOops                        = true                                 {lp64_product} {ergonomic}
     bool UseG1GC                                  = true                                      {product} {ergonomic}
     bool UseLargePagesIndividualAllocation        = false                                  {pd product} {ergonomic}

Logging:
Log output configuration:
 #0: stdout all=warning uptime,level,tags
 #1: stderr all=off uptime,level,tags

Environment Variables:
PATH=C:\Program Files\Common Files\Oracle\Java\javapath;C:\Windows\system32;C:\Windows;C:\Windows\System32\Wbem;C:\Windows\System32\WindowsPowerShell\v1.0\;C:\Windows\System32\OpenSSH\;C:\Program Files\Azure Data Studio\bin;C:\Program Files\Microsoft SQL Server\Client SDK\ODBC\170\Tools\Binn\;C:\Program Files (x86)\Microsoft SQL Server\150\Tools\Binn\;C:\Program Files\Microsoft SQL Server\150\Tools\Binn\;C:\Program Files\Microsoft SQL Server\150\DTS\Binn\;C:\Program Files (x86)\Microsoft SQL Server\150\DTS\Binn\;C:\Users\Norra\AppData\Local\Microsoft\WindowsApps;;C:\Program Files\Azure Data Studio\bin
USERNAME=Norra
OS=Windows_NT
PROCESSOR_IDENTIFIER=Intel64 Family 6 Model 142 Stepping 12, GenuineIntel



---------------  S Y S T E M  ---------------

OS:
 Windows 10 , 64 bit Build 19041 (10.0.19041.804)
OS uptime: 2 days 23:20 hours

CPU: total 8 (initial active 8) (4 cores per cpu, 2 threads per core) family 6 model 142 stepping 12 microcode 0xb8, cmov, cx8, fxsr, mmx, sse, sse2, sse3, ssse3, sse4.1, sse4.2, popcnt, vzeroupper, avx, avx2, aes, clmul, erms, 3dnowpref, lzcnt, ht, tsc, tscinvbit, bmi1, bmi2, adx, fma, clflush, clflushopt

Memory: 4k page, system-wide physical 8071M (745M free)
TotalPageFile size 27184M (AvailPageFile size 0M)
current process WorkingSet (physical memory assigned to process): 65M, peak: 65M
current process commit charge ("private bytes"): 226M, peak: 226M

vm_info: Java HotSpot(TM) 64-Bit Server VM (15.0.2+7-27) for windows-amd64 JRE (15.0.2+7-27), built on Dec  7 2020 20:07:01 by "mach5one" with unknown MS VC++:1925

END.
